Using pre-set license
Built from '2020.3/staging' branch; Version is '2020.3.32f1 (12f8b0834f07) revision 1243312'; Using compiler version '192528614'; Build Type 'Release'
OS: 'Windows 10  (10.0.19044) 64bit Core' Language: 'en' Physical Memory: 16242 MB
BatchMode: 1, IsHumanControllingUs: 0, StartBugReporterOnCrash: 0, Is64bit: 1, IsPro: 0

COMMAND LINE ARGUMENTS:
D:\Unity Driver\2020.3.32f1\Editor\Unity.exe
-adb2
-batchMode
-noUpm
-name
AssetImportWorker0
-projectPath
D:/Unity Projects/ARDKTutorial/ARDKTutorial
-logFile
Logs/AssetImportWorker0.log
-srvPort
53627
Successfully changed project path to: D:/Unity Projects/ARDKTutorial/ARDKTutorial
D:/Unity Projects/ARDKTutorial/ARDKTutorial
Using Asset Import Pipeline V2.
Refreshing native plugins compatible for Editor in 40.14 ms, found 2 plugins.
Preloading 0 native plugins for Editor in 0.00 ms.
Initialize engine version: 2020.3.32f1 (12f8b0834f07)
[Subsystems] Discovering subsystems at path D:/Unity Driver/2020.3.32f1/Editor/Data/Resources/UnitySubsystems
[Subsystems] Discovering subsystems at path D:/Unity Projects/ARDKTutorial/ARDKTutorial/Assets
GfxDevice: creating device client; threaded=0
Direct3D:
    Version:  Direct3D 11.0 [level 11.1]
    Renderer: NVIDIA GeForce GTX 1070 (ID=0x1be1)
    Vendor:   
    VRAM:     8081 MB
    Driver:   26.21.14.3602
Initialize mono
Mono path[0] = 'D:/Unity Driver/2020.3.32f1/Editor/Data/Managed'
Mono path[1] = 'D:/Unity Driver/2020.3.32f1/Editor/Data/MonoBleedingEdge/lib/mono/unityjit'
Mono config path = 'D:/Unity Driver/2020.3.32f1/Editor/Data/MonoBleedingEdge/etc'
Using monoOptions --debugger-agent=transport=dt_socket,embedding=1,server=y,suspend=n,address=127.0.0.1:56348
Begin MonoManager ReloadAssembly
Registering precompiled unity dll's ...
Register platform support module: D:/Unity Driver/2020.3.32f1/Editor/Data/PlaybackEngines/WindowsStandaloneSupport/UnityEditor.WindowsStandalone.Extensions.dll
Registered in 0.001065 seconds.
Native extension for WindowsStandalone target not found
Refreshing native plugins compatible for Editor in 36.95 ms, found 2 plugins.
Preloading 0 native plugins for Editor in 0.00 ms.
Mono: successfully reloaded assembly
- Completed reload, in  0.538 seconds
Domain Reload Profiling:
	ReloadAssembly (538ms)
		BeginReloadAssembly (53ms)
			ExecutionOrderSort (0ms)
			DisableScriptedObjects (0ms)
			BackupInstance (0ms)
			ReleaseScriptingObjects (0ms)
			CreateAndSetChildDomain (1ms)
		EndReloadAssembly (424ms)
			LoadAssemblies (52ms)
			RebuildTransferFunctionScriptingTraits (0ms)
			SetupTypeCache (146ms)
			ReleaseScriptCaches (0ms)
			RebuildScriptCaches (29ms)
			SetupLoadedEditorAssemblies (156ms)
				LogAssemblyErrors (0ms)
				InitializePlatformSupportModulesInManaged (4ms)
				SetLoadedEditorAssemblies (0ms)
				RefreshPlugins (37ms)
				BeforeProcessingInitializeOnLoad (15ms)
				ProcessInitializeOnLoadAttributes (73ms)
				ProcessInitializeOnLoadMethodAttributes (26ms)
				AfterProcessingInitializeOnLoad (0ms)
				EditorAssembliesLoaded (0ms)
			ExecutionOrderSort2 (0ms)
			AwakeInstancesAfterBackupRestoration (0ms)
Platform modules already initialized, skipping
Registering precompiled user dll's ...
Registered in 0.002243 seconds.
Begin MonoManager ReloadAssembly
Native extension for WindowsStandalone target not found
Refreshing native plugins compatible for Editor in 0.45 ms, found 2 plugins.
Preloading 0 native plugins for Editor in 0.00 ms.
Mono: successfully reloaded assembly
- Completed reload, in  0.922 seconds
Domain Reload Profiling:
	ReloadAssembly (923ms)
		BeginReloadAssembly (137ms)
			ExecutionOrderSort (0ms)
			DisableScriptedObjects (5ms)
			BackupInstance (0ms)
			ReleaseScriptingObjects (0ms)
			CreateAndSetChildDomain (18ms)
		EndReloadAssembly (736ms)
			LoadAssemblies (81ms)
			RebuildTransferFunctionScriptingTraits (0ms)
			SetupTypeCache (261ms)
			ReleaseScriptCaches (0ms)
			RebuildScriptCaches (42ms)
			SetupLoadedEditorAssemblies (273ms)
				LogAssemblyErrors (0ms)
				InitializePlatformSupportModulesInManaged (4ms)
				SetLoadedEditorAssemblies (0ms)
				RefreshPlugins (0ms)
				BeforeProcessingInitializeOnLoad (73ms)
				ProcessInitializeOnLoadAttributes (184ms)
				ProcessInitializeOnLoadMethodAttributes (9ms)
				AfterProcessingInitializeOnLoad (2ms)
				EditorAssembliesLoaded (0ms)
			ExecutionOrderSort2 (0ms)
			AwakeInstancesAfterBackupRestoration (6ms)
Platform modules already initialized, skipping
========================================================================
Worker process is ready to serve import requests
Launched and connected shader compiler UnityShaderCompiler.exe after 0.08 seconds
Refreshing native plugins compatible for Editor in 0.59 ms, found 2 plugins.
Preloading 0 native plugins for Editor in 0.00 ms.
Unloading 2244 Unused Serialized files (Serialized files now loaded: 0)
System memory in use before: 90.9 MB.
System memory in use after: 90.9 MB.

Unloading 32 unused Assets to reduce memory usage. Loaded Objects now: 2664.
Total: 2.924000 ms (FindLiveObjects: 0.175000 ms CreateObjectMapping: 0.072700 ms MarkObjects: 2.560400 ms  DeleteObjects: 0.114900 ms)

AssetImportParameters requested are different than current active one (requested -> active):
  custom:framework-win-MediaFoundation: 216162199b28c13a410421893ffa2e32 -> 
  custom:video-decoder-ogg-theora: a1e56fd34408186e4bbccfd4996cb3dc -> 
  custom:container-muxer-webm: aa71ff27fc2769a1b78a27578f13a17b -> 
  custom:container-demuxer-webm: 4f35f7cbe854078d1ac9338744f61a02 -> 
  custom:container-demuxer-ogg: 62fdf1f143b41e24485cea50d1cbac27 -> 
  custom:video-encoder-webm-vp8: eb34c28f22e8b96e1ab97ce403110664 -> 
  custom:video-codec-MediaFoundation-h265: 746d11721c4dcdbdad8f713fa42b33f4 -> 
  custom:video-decoder-webm-vp8: 9c59270c3fd7afecdb556c50c9e8de78 -> 
  custom:audio-decoder-ogg-vorbis: bf7c407c2cedff20999df2af8eb42d56 -> 
  custom:audio-encoder-webm-vorbis: bf7c407c2cedff20999df2af8eb42d56 -> 
========================================================================
Received Import Request.
  path: Assets
  artifactKey: Guid(00000000000000001000000000000000) Importer(815301076,1909f56bfc062723c751e8b465ee728b)
Start importing Assets using Guid(00000000000000001000000000000000) Importer(815301076,1909f56bfc062723c751e8b465ee728b)  -> (artifact id: '619de1369dc352f767f35e179b779cae') in 0.007938 seconds 
========================================================================
Received Import Request.
  Time since last request: 3.678853 seconds.
  path: Assets/Resources
  artifactKey: Guid(1231e28500067b24caec26c9201d7ba6) Importer(815301076,1909f56bfc062723c751e8b465ee728b)
Start importing Assets/Resources using Guid(1231e28500067b24caec26c9201d7ba6) Importer(815301076,1909f56bfc062723c751e8b465ee728b)  -> (artifact id: '3966bef4be26169f516b915e4b99ee3b') in 0.007139 seconds 
========================================================================
Received Import Request.
  Time since last request: 7.032427 seconds.
  path: Assets/Resources/ARDK
  artifactKey: Guid(1b776c3c8845a5646b9d308854c4eed8) Importer(815301076,1909f56bfc062723c751e8b465ee728b)
Start importing Assets/Resources/ARDK using Guid(1b776c3c8845a5646b9d308854c4eed8) Importer(815301076,1909f56bfc062723c751e8b465ee728b)  -> (artifact id: '1753a36ac929887ad55a556de0ed76b0') in 0.006527 seconds 
========================================================================
Received Import Request.
  Time since last request: 25.724427 seconds.
  path: Assets/Resources/ARDK/ArdkAuthConfig.asset
  artifactKey: Guid(22df5cd24dee11a428a21c311fca9eb4) Importer(815301076,1909f56bfc062723c751e8b465ee728b)
Start importing Assets/Resources/ARDK/ArdkAuthConfig.asset using Guid(22df5cd24dee11a428a21c311fca9eb4) Importer(815301076,1909f56bfc062723c751e8b465ee728b)  -> (artifact id: '3aa2f6b1eab83802fe2c23581bd6cb37') in 0.038748 seconds 
========================================================================
Received Import Request.
  Time since last request: 1600.860410 seconds.
  path: Assets/ARDKExamples/ARDK-Examples.asmdef
  artifactKey: Guid(79582743010684bb59de6cfe6965f7ca) Importer(815301076,1909f56bfc062723c751e8b465ee728b)
Start importing Assets/ARDKExamples/ARDK-Examples.asmdef using Guid(79582743010684bb59de6cfe6965f7ca) Importer(815301076,1909f56bfc062723c751e8b465ee728b)  -> (artifact id: '4195fa7f9de5ad50d8c2719ab17e81a1') in 0.009819 seconds 
========================================================================
Received Import Request.
  Time since last request: 6.454948 seconds.
  path: Assets/ARDKExamples/Localization/coordArrows.fbx
  artifactKey: Guid(25adae4b8f9a24813b17c4d60f57f5d9) Importer(815301076,1909f56bfc062723c751e8b465ee728b)
Start importing Assets/ARDKExamples/Localization/coordArrows.fbx using Guid(25adae4b8f9a24813b17c4d60f57f5d9) Importer(815301076,1909f56bfc062723c751e8b465ee728b)  -> (artifact id: '974bc4f00c636cfaf48107279ee3b131') in 0.493533 seconds 
========================================================================
Received Import Request.
  Time since last request: 0.000259 seconds.
  path: Assets/ARDKExamples/ARNetworking/ARNetworkingPlayConfiguration.asset
  artifactKey: Guid(ee67dcccccc36456780edd8264c7cd23) Importer(815301076,1909f56bfc062723c751e8b465ee728b)
Start importing Assets/ARDKExamples/ARNetworking/ARNetworkingPlayConfiguration.asset using Guid(ee67dcccccc36456780edd8264c7cd23) Importer(815301076,1909f56bfc062723c751e8b465ee728b)  -> (artifact id: '022d65f7cee9159edd1bb1f5e0738f52') in 0.006794 seconds 
========================================================================
Received Prepare
Registering precompiled user dll's ...
Registered in 0.002355 seconds.
Begin MonoManager ReloadAssembly
Native extension for WindowsStandalone target not found
Refreshing native plugins compatible for Editor in 0.49 ms, found 2 plugins.
Preloading 0 native plugins for Editor in 0.00 ms.
Mono: successfully reloaded assembly
- Completed reload, in  0.997 seconds
Domain Reload Profiling:
	ReloadAssembly (997ms)
		BeginReloadAssembly (118ms)
			ExecutionOrderSort (0ms)
			DisableScriptedObjects (5ms)
			BackupInstance (0ms)
			ReleaseScriptingObjects (0ms)
			CreateAndSetChildDomain (35ms)
		EndReloadAssembly (822ms)
			LoadAssemblies (93ms)
			RebuildTransferFunctionScriptingTraits (0ms)
			SetupTypeCache (311ms)
			ReleaseScriptCaches (1ms)
			RebuildScriptCaches (40ms)
			SetupLoadedEditorAssemblies (282ms)
				LogAssemblyErrors (0ms)
				InitializePlatformSupportModulesInManaged (4ms)
				SetLoadedEditorAssemblies (0ms)
				RefreshPlugins (1ms)
				BeforeProcessingInitializeOnLoad (65ms)
				ProcessInitializeOnLoadAttributes (198ms)
				ProcessInitializeOnLoadMethodAttributes (11ms)
				AfterProcessingInitializeOnLoad (4ms)
				EditorAssembliesLoaded (0ms)
			ExecutionOrderSort2 (0ms)
			AwakeInstancesAfterBackupRestoration (10ms)
Platform modules already initialized, skipping
Switching build target platform(19) subTarget(0) extendedPlatform(0) -> platform(9) subTarget(16777218) extendedPlatform(0)
Refreshing native plugins compatible for Editor in 0.51 ms, found 2 plugins.
Preloading 0 native plugins for Editor in 0.00 ms.
Unloading 2228 Unused Serialized files (Serialized files now loaded: 0)
System memory in use before: 92.6 MB.
System memory in use after: 92.7 MB.

Unloading 27 unused Assets to reduce memory usage. Loaded Objects now: 2678.
Total: 2.647200 ms (FindLiveObjects: 0.167000 ms CreateObjectMapping: 0.074500 ms MarkObjects: 2.328900 ms  DeleteObjects: 0.076200 ms)

AssetImportParameters requested are different than current active one (requested -> active):
  custom:framework-win-MediaFoundation: 216162199b28c13a410421893ffa2e32 -> 
  custom:video-decoder-ogg-theora: a1e56fd34408186e4bbccfd4996cb3dc -> 
  custom:container-muxer-webm: aa71ff27fc2769a1b78a27578f13a17b -> 
  custom:container-demuxer-webm: 4f35f7cbe854078d1ac9338744f61a02 -> 
  custom:container-demuxer-ogg: 62fdf1f143b41e24485cea50d1cbac27 -> 
  custom:video-encoder-webm-vp8: eb34c28f22e8b96e1ab97ce403110664 -> 
  custom:video-codec-MediaFoundation-h265: 746d11721c4dcdbdad8f713fa42b33f4 -> 
  custom:video-decoder-webm-vp8: 9c59270c3fd7afecdb556c50c9e8de78 -> 
  custom:graphics/normal-map-encoding: 01000000000000000000000000000000 -> 02000000000000000000000000000000
  custom:audio-decoder-ogg-vorbis: bf7c407c2cedff20999df2af8eb42d56 -> 
  custom:audio-encoder-webm-vorbis: bf7c407c2cedff20999df2af8eb42d56 -> 
========================================================================
Received Prepare
Refreshing native plugins compatible for Editor in 3.61 ms, found 2 plugins.
Preloading 0 native plugins for Editor in 0.00 ms.
Unloading 25 Unused Serialized files (Serialized files now loaded: 0)
System memory in use before: 48.9 MB.
System memory in use after: 48.9 MB.

Unloading 25 unused Assets to reduce memory usage. Loaded Objects now: 2678.
Total: 2.978400 ms (FindLiveObjects: 0.151600 ms CreateObjectMapping: 0.081700 ms MarkObjects: 2.652500 ms  DeleteObjects: 0.091900 ms)

AssetImportParameters requested are different than current active one (requested -> active):
  custom:framework-win-MediaFoundation: 216162199b28c13a410421893ffa2e32 -> 
  custom:video-decoder-ogg-theora: a1e56fd34408186e4bbccfd4996cb3dc -> 
  custom:container-muxer-webm: aa71ff27fc2769a1b78a27578f13a17b -> 
  custom:container-demuxer-webm: 4f35f7cbe854078d1ac9338744f61a02 -> 
  custom:container-demuxer-ogg: 62fdf1f143b41e24485cea50d1cbac27 -> 
  custom:video-encoder-webm-vp8: eb34c28f22e8b96e1ab97ce403110664 -> 
  custom:video-codec-MediaFoundation-h265: 746d11721c4dcdbdad8f713fa42b33f4 -> 
  custom:video-decoder-webm-vp8: 9c59270c3fd7afecdb556c50c9e8de78 -> 
  custom:audio-decoder-ogg-vorbis: bf7c407c2cedff20999df2af8eb42d56 -> 
  custom:audio-encoder-webm-vorbis: bf7c407c2cedff20999df2af8eb42d56 -> 
========================================================================
Received Prepare
Refreshing native plugins compatible for Editor in 6.06 ms, found 2 plugins.
Preloading 0 native plugins for Editor in 0.00 ms.
Unloading 25 Unused Serialized files (Serialized files now loaded: 0)
System memory in use before: 48.9 MB.
System memory in use after: 48.9 MB.

Unloading 25 unused Assets to reduce memory usage. Loaded Objects now: 2678.
Total: 2.706500 ms (FindLiveObjects: 0.167200 ms CreateObjectMapping: 0.108800 ms MarkObjects: 2.346600 ms  DeleteObjects: 0.083300 ms)

AssetImportParameters requested are different than current active one (requested -> active):
  custom:framework-win-MediaFoundation: 216162199b28c13a410421893ffa2e32 -> 
  custom:video-decoder-ogg-theora: a1e56fd34408186e4bbccfd4996cb3dc -> 
  custom:container-muxer-webm: aa71ff27fc2769a1b78a27578f13a17b -> 
  custom:container-demuxer-webm: 4f35f7cbe854078d1ac9338744f61a02 -> 
  custom:container-demuxer-ogg: 62fdf1f143b41e24485cea50d1cbac27 -> 
  custom:video-encoder-webm-vp8: eb34c28f22e8b96e1ab97ce403110664 -> 
  custom:video-codec-MediaFoundation-h265: 746d11721c4dcdbdad8f713fa42b33f4 -> 
  custom:video-decoder-webm-vp8: 9c59270c3fd7afecdb556c50c9e8de78 -> 
  custom:audio-decoder-ogg-vorbis: bf7c407c2cedff20999df2af8eb42d56 -> 
  custom:audio-encoder-webm-vorbis: bf7c407c2cedff20999df2af8eb42d56 -> 
========================================================================
Received Import Request.
  Time since last request: 1067.144685 seconds.
  path: Assets/ARDKExamples/VirtualStudio/ExampleMockPlaythrough.unity
  artifactKey: Guid(ffceebc85524e48fbae4938a7b255171) Importer(815301076,1909f56bfc062723c751e8b465ee728b)
Start importing Assets/ARDKExamples/VirtualStudio/ExampleMockPlaythrough.unity using Guid(ffceebc85524e48fbae4938a7b255171) Importer(815301076,1909f56bfc062723c751e8b465ee728b)  -> (artifact id: 'a1d5cb0869862e78afaecdeb516e3bf6') in 0.006089 seconds 
========================================================================
Received Import Request.
  Time since last request: 1.043487 seconds.
  path: Assets/ARDKExamples/ContextAwareness/Meshing/MockMeshes
  artifactKey: Guid(baa16fdaefe5c43bc93901277e3a60ad) Importer(815301076,1909f56bfc062723c751e8b465ee728b)
Start importing Assets/ARDKExamples/ContextAwareness/Meshing/MockMeshes using Guid(baa16fdaefe5c43bc93901277e3a60ad) Importer(815301076,1909f56bfc062723c751e8b465ee728b)  -> (artifact id: '51ff5a8e1d0ddb35912ca4e6b61dfe58') in 0.005005 seconds 
========================================================================
Received Import Request.
  Time since last request: 0.546622 seconds.
  path: Assets/ARDK/VirtualStudio/AR/Networking/_MockARNetworking.cs
  artifactKey: Guid(50a232b86ca242c8beeeb7ee5426cb9d) Importer(815301076,1909f56bfc062723c751e8b465ee728b)
Start importing Assets/ARDK/VirtualStudio/AR/Networking/_MockARNetworking.cs using Guid(50a232b86ca242c8beeeb7ee5426cb9d) Importer(815301076,1909f56bfc062723c751e8b465ee728b)  -> (artifact id: '18182c3323fc70f96f317f0325e861d4') in 0.009646 seconds 
========================================================================
Received Import Request.
  Time since last request: 0.310976 seconds.
  path: Assets/ARDK/VirtualStudio/AR/_IMockARSession.cs
  artifactKey: Guid(83d8a209516c4b54b631a681019ef480) Importer(815301076,1909f56bfc062723c751e8b465ee728b)
Start importing Assets/ARDK/VirtualStudio/AR/_IMockARSession.cs using Guid(83d8a209516c4b54b631a681019ef480) Importer(815301076,1909f56bfc062723c751e8b465ee728b)  -> (artifact id: '82ea2ed0f7c2a2481c03b67d8ecb36cb') in 0.004528 seconds 
========================================================================
Received Import Request.
  Time since last request: 6.273294 seconds.
  path: Assets/ARDKExamples/LowLevelNetworking/NetworkingOnlyConfiguration.asset
  artifactKey: Guid(33acbef58a8cc484498173b876a9fc98) Importer(815301076,1909f56bfc062723c751e8b465ee728b)
Start importing Assets/ARDKExamples/LowLevelNetworking/NetworkingOnlyConfiguration.asset using Guid(33acbef58a8cc484498173b876a9fc98) Importer(815301076,1909f56bfc062723c751e8b465ee728b)  -> (artifact id: '4942afb0bbccebcaf47d180385fc4883') in 0.013227 seconds 
========================================================================
Received Import Request.
  Time since last request: 3.351516 seconds.
  path: Assets/ARDKExamples/PongHLAPI/PongHLAPIManifest.asset
  artifactKey: Guid(abd79b58e742e45cda31b5d820c70876) Importer(815301076,1909f56bfc062723c751e8b465ee728b)
Start importing Assets/ARDKExamples/PongHLAPI/PongHLAPIManifest.asset using Guid(abd79b58e742e45cda31b5d820c70876) Importer(815301076,1909f56bfc062723c751e8b465ee728b)  -> (artifact id: 'a91a7fddd1881b1d000abd6c1cccc60a') in 0.009306 seconds 
========================================================================
Received Import Request.
  Time since last request: 18.627632 seconds.
  path: Assets/ARDK/Rendering/SRP/ArdkReplacementRenderer.asset
  artifactKey: Guid(c89fc15b6f5fc4c83b9444bfa325c19a) Importer(815301076,1909f56bfc062723c751e8b465ee728b)
Start importing Assets/ARDK/Rendering/SRP/ArdkReplacementRenderer.asset using Guid(c89fc15b6f5fc4c83b9444bfa325c19a) Importer(815301076,1909f56bfc062723c751e8b465ee728b)  -> (artifact id: '320cee740bf00c1f5ee157c11fa0aa69') in 0.006302 seconds 
========================================================================
Received Import Request.
  Time since last request: 0.000298 seconds.
  path: Assets/ARDK/Rendering/SRP/ArdkUrpAssetRenderer.asset
  artifactKey: Guid(7d3be5c514c9a4ac7af188b9969f47de) Importer(815301076,1909f56bfc062723c751e8b465ee728b)
Start importing Assets/ARDK/Rendering/SRP/ArdkUrpAssetRenderer.asset using Guid(7d3be5c514c9a4ac7af188b9969f47de) Importer(815301076,1909f56bfc062723c751e8b465ee728b)  -> (artifact id: '1b589450d31c6ab16e7c3f4dc0eb4a1d') in 0.005285 seconds 
========================================================================
Received Import Request.
  Time since last request: 0.000270 seconds.
  path: Assets/ARDK/Rendering/SRP/SemanticsMat.mat
  artifactKey: Guid(b218845e158f048c78cb09bc2c407366) Importer(815301076,1909f56bfc062723c751e8b465ee728b)
Start importing Assets/ARDK/Rendering/SRP/SemanticsMat.mat using Guid(b218845e158f048c78cb09bc2c407366) Importer(815301076,1909f56bfc062723c751e8b465ee728b)  -> (artifact id: '351c02581cf7d8f3e7ae3b7569475caa') in 0.215671 seconds 
========================================================================
Received Import Request.
  Time since last request: 2.452475 seconds.
  path: Assets/ARDKExamples/ContextAwareness/Segmentation/SemanticSegmentation.unity
  artifactKey: Guid(b31f157add5014c85962f656eefdf04d) Importer(815301076,1909f56bfc062723c751e8b465ee728b)
Start importing Assets/ARDKExamples/ContextAwareness/Segmentation/SemanticSegmentation.unity using Guid(b31f157add5014c85962f656eefdf04d) Importer(815301076,1909f56bfc062723c751e8b465ee728b)  -> (artifact id: '095e879f6ee7327da327054b74e1e248') in 0.004999 seconds 
========================================================================
Received Prepare
Registering precompiled user dll's ...
Registered in 0.002282 seconds.
Begin MonoManager ReloadAssembly
Native extension for WindowsStandalone target not found
Refreshing native plugins compatible for Editor in 0.47 ms, found 2 plugins.
Preloading 0 native plugins for Editor in 0.00 ms.
Mono: successfully reloaded assembly
- Completed reload, in  0.941 seconds
Domain Reload Profiling:
	ReloadAssembly (942ms)
		BeginReloadAssembly (112ms)
			ExecutionOrderSort (0ms)
			DisableScriptedObjects (3ms)
			BackupInstance (0ms)
			ReleaseScriptingObjects (0ms)
			CreateAndSetChildDomain (40ms)
		EndReloadAssembly (779ms)
			LoadAssemblies (85ms)
			RebuildTransferFunctionScriptingTraits (0ms)
			SetupTypeCache (259ms)
			ReleaseScriptCaches (1ms)
			RebuildScriptCaches (44ms)
			SetupLoadedEditorAssemblies (285ms)
				LogAssemblyErrors (0ms)
				InitializePlatformSupportModulesInManaged (4ms)
				SetLoadedEditorAssemblies (0ms)
				RefreshPlugins (1ms)
				BeforeProcessingInitializeOnLoad (83ms)
				ProcessInitializeOnLoadAttributes (185ms)
				ProcessInitializeOnLoadMethodAttributes (8ms)
				AfterProcessingInitializeOnLoad (3ms)
				EditorAssembliesLoaded (0ms)
			ExecutionOrderSort2 (0ms)
			AwakeInstancesAfterBackupRestoration (6ms)
Platform modules already initialized, skipping
Switching build target platform(19) subTarget(0) extendedPlatform(0) -> platform(9) subTarget(16777218) extendedPlatform(0)
Refreshing native plugins compatible for Editor in 0.48 ms, found 2 plugins.
Preloading 0 native plugins for Editor in 0.00 ms.
Unloading 2228 Unused Serialized files (Serialized files now loaded: 0)
System memory in use before: 93.1 MB.
System memory in use after: 93.2 MB.

Unloading 27 unused Assets to reduce memory usage. Loaded Objects now: 2718.
Total: 2.898100 ms (FindLiveObjects: 0.190100 ms CreateObjectMapping: 0.090600 ms MarkObjects: 2.530900 ms  DeleteObjects: 0.085500 ms)

AssetImportParameters requested are different than current active one (requested -> active):
  custom:framework-win-MediaFoundation: 216162199b28c13a410421893ffa2e32 -> 
  custom:video-decoder-ogg-theora: a1e56fd34408186e4bbccfd4996cb3dc -> 
  custom:container-muxer-webm: aa71ff27fc2769a1b78a27578f13a17b -> 
  custom:container-demuxer-webm: 4f35f7cbe854078d1ac9338744f61a02 -> 
  custom:container-demuxer-ogg: 62fdf1f143b41e24485cea50d1cbac27 -> 
  custom:video-encoder-webm-vp8: eb34c28f22e8b96e1ab97ce403110664 -> 
  custom:video-codec-MediaFoundation-h265: 746d11721c4dcdbdad8f713fa42b33f4 -> 
  custom:video-decoder-webm-vp8: 9c59270c3fd7afecdb556c50c9e8de78 -> 
  custom:graphics/normal-map-encoding: 01000000000000000000000000000000 -> 02000000000000000000000000000000
  custom:audio-decoder-ogg-vorbis: bf7c407c2cedff20999df2af8eb42d56 -> 
  custom:audio-encoder-webm-vorbis: bf7c407c2cedff20999df2af8eb42d56 -> 
========================================================================
Received Import Request.
  Time since last request: 47.524116 seconds.
  path: Assets/ARDKExamples/SceneSelector
  artifactKey: Guid(e07beffb0704d4f9a981bff1e097e819) Importer(815301076,1909f56bfc062723c751e8b465ee728b)
Start importing Assets/ARDKExamples/SceneSelector using Guid(e07beffb0704d4f9a981bff1e097e819) Importer(815301076,1909f56bfc062723c751e8b465ee728b)  -> (artifact id: '9ed54904021ee259ce8f71e7b2b4ae2f') in 0.007638 seconds 
========================================================================
Received Import Request.
  Time since last request: 0.568365 seconds.
  path: Assets/ARDKExamples/Rendering
  artifactKey: Guid(d0d0b567beff44e9cbc593c3b0992e54) Importer(815301076,1909f56bfc062723c751e8b465ee728b)
Start importing Assets/ARDKExamples/Rendering using Guid(d0d0b567beff44e9cbc593c3b0992e54) Importer(815301076,1909f56bfc062723c751e8b465ee728b)  -> (artifact id: '8d1e447e8d2214ffd5bec000d49e8628') in 0.004567 seconds 
========================================================================
Received Import Request.
  Time since last request: 0.551022 seconds.
  path: Assets/ARDKExamples/PersistentKeyValue
  artifactKey: Guid(d6f35e65600f9423b95dc581219e20a4) Importer(815301076,1909f56bfc062723c751e8b465ee728b)
Start importing Assets/ARDKExamples/PersistentKeyValue using Guid(d6f35e65600f9423b95dc581219e20a4) Importer(815301076,1909f56bfc062723c751e8b465ee728b)  -> (artifact id: '0b6bb6f035215b9c26e4411d6bfd575b') in 0.004583 seconds 
========================================================================
Received Import Request.
  Time since last request: 0.450700 seconds.
  path: Assets/ARDKExamples/PlaneAnchors
  artifactKey: Guid(31f648b68124f4df8be6a851817e435e) Importer(815301076,1909f56bfc062723c751e8b465ee728b)
Start importing Assets/ARDKExamples/PlaneAnchors using Guid(31f648b68124f4df8be6a851817e435e) Importer(815301076,1909f56bfc062723c751e8b465ee728b)  -> (artifact id: '336650709fec6e69d90f8dcfe9cfda04') in 0.004785 seconds 
========================================================================
Received Import Request.
  Time since last request: 0.485305 seconds.
  path: Assets/ARDKExamples/Pong
  artifactKey: Guid(026ea9604ed9e47c89585d101a194e04) Importer(815301076,1909f56bfc062723c751e8b465ee728b)
Start importing Assets/ARDKExamples/Pong using Guid(026ea9604ed9e47c89585d101a194e04) Importer(815301076,1909f56bfc062723c751e8b465ee728b)  -> (artifact id: 'd20c5564c3da926d5d62b5162c023d1b') in 0.004931 seconds 
========================================================================
Received Import Request.
  Time since last request: 0.398512 seconds.
  path: Assets/ARDKExamples/PongHLAPI
  artifactKey: Guid(7824a15d77dfb4d31b237b010e4e4d56) Importer(815301076,1909f56bfc062723c751e8b465ee728b)
Start importing Assets/ARDKExamples/PongHLAPI using Guid(7824a15d77dfb4d31b237b010e4e4d56) Importer(815301076,1909f56bfc062723c751e8b465ee728b)  -> (artifact id: 'f95e133c1df564d05c9b89e57bfbdcf4') in 0.005396 seconds 
========================================================================
Received Import Request.
  Time since last request: 1.958374 seconds.
  path: Assets/ARDKExamples/AnchorsWithoutPlanes
  artifactKey: Guid(ead17447a79a1484fb9527b4addc19eb) Importer(815301076,1909f56bfc062723c751e8b465ee728b)
Start importing Assets/ARDKExamples/AnchorsWithoutPlanes using Guid(ead17447a79a1484fb9527b4addc19eb) Importer(815301076,1909f56bfc062723c751e8b465ee728b)  -> (artifact id: '0409d531da926277813ab051e465ae56') in 0.005664 seconds 
========================================================================
Received Import Request.
  Time since last request: 0.656896 seconds.
  path: Assets/ARDKExamples/Preloading
  artifactKey: Guid(515e7cc6d499e4197abe44325aad3ce9) Importer(815301076,1909f56bfc062723c751e8b465ee728b)
Start importing Assets/ARDKExamples/Preloading using Guid(515e7cc6d499e4197abe44325aad3ce9) Importer(815301076,1909f56bfc062723c751e8b465ee728b)  -> (artifact id: 'ea49a3306ac32127f83670755188abcd') in 0.004364 seconds 
========================================================================
Received Import Request.
  Time since last request: 1.505644 seconds.
  path: Assets/ARDKExamples/VirtualStudio
  artifactKey: Guid(4e5f4e1162dfe47dc850557e4fdb3af4) Importer(815301076,1909f56bfc062723c751e8b465ee728b)
Start importing Assets/ARDKExamples/VirtualStudio using Guid(4e5f4e1162dfe47dc850557e4fdb3af4) Importer(815301076,1909f56bfc062723c751e8b465ee728b)  -> (artifact id: '0f451ebf681c16e5ac5210aa31070dc6') in 0.005225 seconds 
========================================================================
Received Import Request.
  Time since last request: 1.225718 seconds.
  path: Assets/ARDKExamples/Localization
  artifactKey: Guid(955769399e7bb4a05bb414ad0f9bf524) Importer(815301076,1909f56bfc062723c751e8b465ee728b)
Start importing Assets/ARDKExamples/Localization using Guid(955769399e7bb4a05bb414ad0f9bf524) Importer(815301076,1909f56bfc062723c751e8b465ee728b)  -> (artifact id: 'd68e32fd5fc8b0254da4734726abdc8d') in 0.004396 seconds 
========================================================================
Received Import Request.
  Time since last request: 1.714787 seconds.
  path: Assets/ARDKExamples/ImageDetection
  artifactKey: Guid(92c28f2fc99f44ed3998e7b79b5d0495) Importer(815301076,1909f56bfc062723c751e8b465ee728b)
Start importing Assets/ARDKExamples/ImageDetection using Guid(92c28f2fc99f44ed3998e7b79b5d0495) Importer(815301076,1909f56bfc062723c751e8b465ee728b)  -> (artifact id: '5886289b375a3fc55b19d4aacf203eb1') in 0.005928 seconds 
========================================================================
Received Import Request.
  Time since last request: 1.592687 seconds.
  path: Assets/ARDKExamples/ContextAwareness
  artifactKey: Guid(e732e32c80dc745f897f05683acdba85) Importer(815301076,1909f56bfc062723c751e8b465ee728b)
Start importing Assets/ARDKExamples/ContextAwareness using Guid(e732e32c80dc745f897f05683acdba85) Importer(815301076,1909f56bfc062723c751e8b465ee728b)  -> (artifact id: '2a842c2e40ab67411ccca03a1f4faebc') in 0.005369 seconds 
========================================================================
Received Import Request.
  Time since last request: 4.808365 seconds.
  path: Assets/ARDK/AR/Awareness/Depth/Generators/Resources/DepthPointCloudGenerator.compute
  artifactKey: Guid(0672af943144b4f1482431ffea10dc5b) Importer(815301076,1909f56bfc062723c751e8b465ee728b)
Start importing Assets/ARDK/AR/Awareness/Depth/Generators/Resources/DepthPointCloudGenerator.compute using Guid(0672af943144b4f1482431ffea10dc5b) Importer(815301076,1909f56bfc062723c751e8b465ee728b)  -> (artifact id: '5324efc09bf77afe619d380c79216e5c') in 0.013618 seconds 
========================================================================
Received Import Request.
  Time since last request: 2.086606 seconds.
  path: Assets/ARDKExamples/ContextAwareness/Depth/Depth.unity
  artifactKey: Guid(e5811d6a38e5846ca8d1a720194f0a1b) Importer(815301076,1909f56bfc062723c751e8b465ee728b)
Start importing Assets/ARDKExamples/ContextAwareness/Depth/Depth.unity using Guid(e5811d6a38e5846ca8d1a720194f0a1b) Importer(815301076,1909f56bfc062723c751e8b465ee728b)  -> (artifact id: '971feb164cf6698516660576934a023d') in 0.006735 seconds 
========================================================================
Received Import Request.
  Time since last request: 5.111841 seconds.
  path: Assets/ARDKExamples/ContextAwareness/Occlusion/DepthMeshOcclusion.unity
  artifactKey: Guid(0cd063dfb53224dbfac688ff4872d5e8) Importer(815301076,1909f56bfc062723c751e8b465ee728b)
Start importing Assets/ARDKExamples/ContextAwareness/Occlusion/DepthMeshOcclusion.unity using Guid(0cd063dfb53224dbfac688ff4872d5e8) Importer(815301076,1909f56bfc062723c751e8b465ee728b)  -> (artifact id: '99b61c4691a40966c3d4e61de168a47d') in 0.005642 seconds 
========================================================================
Received Import Request.
  Time since last request: 46.422113 seconds.
  path: Assets/ARDKMockEnvironments/LivingRoom.prefab
  artifactKey: Guid(a87e4c0a995ae4977ac2a1256b837e0f) Importer(815301076,1909f56bfc062723c751e8b465ee728b)
Start importing Assets/ARDKMockEnvironments/LivingRoom.prefab using Guid(a87e4c0a995ae4977ac2a1256b837e0f) Importer(815301076,1909f56bfc062723c751e8b465ee728b)  -> (artifact id: 'b74db80f06f6f796ba17238924a5d21a') in 0.370024 seconds 
========================================================================
Received Import Request.
  Time since last request: 0.000294 seconds.
  path: Assets/ARDKMockEnvironments/ParkPond.prefab
  artifactKey: Guid(9c3d09eeec84640a68419eeca0061189) Importer(815301076,1909f56bfc062723c751e8b465ee728b)
Start importing Assets/ARDKMockEnvironments/ParkPond.prefab using Guid(9c3d09eeec84640a68419eeca0061189) Importer(815301076,1909f56bfc062723c751e8b465ee728b)  -> (artifact id: 'ad488317f78374d77a98b640a687e5df') in 0.171943 seconds 
========================================================================
Received Import Request.
  Time since last request: 7.218075 seconds.
  path: Assets/ARDKExamples/Common/Materials/Common-Blue.mat
  artifactKey: Guid(752f89ddb78964ed1ba643e99121c8ff) Importer(815301076,1909f56bfc062723c751e8b465ee728b)
Start importing Assets/ARDKExamples/Common/Materials/Common-Blue.mat using Guid(752f89ddb78964ed1ba643e99121c8ff) Importer(815301076,1909f56bfc062723c751e8b465ee728b)  -> (artifact id: '28a5518e299367f29e2817f3b9cb944e') in 0.020857 seconds 
========================================================================
Received Import Request.
  Time since last request: 0.000325 seconds.
  path: Assets/ARDKExamples/Common/Materials/Common-Green-Transparent.mat
  artifactKey: Guid(a3ddcf3e185104896a3ad8ea42e092cb) Importer(815301076,1909f56bfc062723c751e8b465ee728b)
Start importing Assets/ARDKExamples/Common/Materials/Common-Green-Transparent.mat using Guid(a3ddcf3e185104896a3ad8ea42e092cb) Importer(815301076,1909f56bfc062723c751e8b465ee728b)  -> (artifact id: '0e233567b2503c1931fa4caa9057ecc4') in 0.152876 seconds 
========================================================================
Received Import Request.
  Time since last request: 0.000281 seconds.
  path: Assets/ARDKExamples/Common/Materials/Common-Red.mat
  artifactKey: Guid(b98ff3fa6a7f94dc4a6c5b5c8dbeb568) Importer(815301076,1909f56bfc062723c751e8b465ee728b)
Start importing Assets/ARDKExamples/Common/Materials/Common-Red.mat using Guid(b98ff3fa6a7f94dc4a6c5b5c8dbeb568) Importer(815301076,1909f56bfc062723c751e8b465ee728b)  -> (artifact id: '5195b30a93e8fa060b789c3b25e4b8b6') in 0.008898 seconds 
========================================================================
Received Import Request.
  Time since last request: 0.000279 seconds.
  path: Assets/ARDKExamples/Common/Materials/Common-Grey.mat
  artifactKey: Guid(36493e7bcf4db4148841f6c31aa1961c) Importer(815301076,1909f56bfc062723c751e8b465ee728b)
Start importing Assets/ARDKExamples/Common/Materials/Common-Grey.mat using Guid(36493e7bcf4db4148841f6c31aa1961c) Importer(815301076,1909f56bfc062723c751e8b465ee728b)  -> (artifact id: 'f74df1cf2d2723661be658925718ec5a') in 0.008964 seconds 
========================================================================
Received Import Request.
  Time since last request: 0.000245 seconds.
  path: Assets/ARDKExamples/Common/Materials/Common-Blue-Transparent.mat
  artifactKey: Guid(5a202886f0af042c29be6fd57497e721) Importer(815301076,1909f56bfc062723c751e8b465ee728b)
Start importing Assets/ARDKExamples/Common/Materials/Common-Blue-Transparent.mat using Guid(5a202886f0af042c29be6fd57497e721) Importer(815301076,1909f56bfc062723c751e8b465ee728b)  -> (artifact id: 'a6b33dc0488ae7cd028dcc4b982a7eaf') in 0.009347 seconds 
========================================================================
Received Import Request.
  Time since last request: 0.000302 seconds.
  path: Assets/ARDKExamples/Common/Materials/Common-Green.mat
  artifactKey: Guid(aa9815662c9c14bd991aecc05c23002d) Importer(815301076,1909f56bfc062723c751e8b465ee728b)
Start importing Assets/ARDKExamples/Common/Materials/Common-Green.mat using Guid(aa9815662c9c14bd991aecc05c23002d) Importer(815301076,1909f56bfc062723c751e8b465ee728b)  -> (artifact id: '4caa49aa935208ba643b7ada21108295') in 0.009740 seconds 
========================================================================
Received Import Request.
  Time since last request: 0.000224 seconds.
  path: Assets/ARDKExamples/Common/Materials/Common-Red-Transparent.mat
  artifactKey: Guid(20255bfa195604a09add71fb36d30788) Importer(815301076,1909f56bfc062723c751e8b465ee728b)
Start importing Assets/ARDKExamples/Common/Materials/Common-Red-Transparent.mat using Guid(20255bfa195604a09add71fb36d30788) Importer(815301076,1909f56bfc062723c751e8b465ee728b)  -> (artifact id: '90fe4ef51059d30d5a06209c71644157') in 0.009035 seconds 
========================================================================
Received Import Request.
  Time since last request: 0.212639 seconds.
  path: Assets/ARDKMockEnvironments/Materials/Mock-Blue.mat
  artifactKey: Guid(917e78731720c47279f28ae038a582bb) Importer(815301076,1909f56bfc062723c751e8b465ee728b)
Start importing Assets/ARDKMockEnvironments/Materials/Mock-Blue.mat using Guid(917e78731720c47279f28ae038a582bb) Importer(815301076,1909f56bfc062723c751e8b465ee728b)  -> (artifact id: '717c859d4f8ca7e982e7b29b15ac5203') in 0.015548 seconds 
========================================================================
Received Import Request.
  Time since last request: 0.000330 seconds.
  path: Assets/ARDKMockEnvironments/Materials/Mock-Red.mat
  artifactKey: Guid(7e0d1a5d9336d491885d7f845b28ad40) Importer(815301076,1909f56bfc062723c751e8b465ee728b)
Start importing Assets/ARDKMockEnvironments/Materials/Mock-Red.mat using Guid(7e0d1a5d9336d491885d7f845b28ad40) Importer(815301076,1909f56bfc062723c751e8b465ee728b)  -> (artifact id: '3d8561ac3445b52c2e9ca59d1ffdb098') in 0.010034 seconds 
========================================================================
Received Import Request.
  Time since last request: 0.000238 seconds.
  path: Assets/ARDKMockEnvironments/Materials/Mock-Brown.mat
  artifactKey: Guid(161a837e02cd14d34a600a07aceaf35e) Importer(815301076,1909f56bfc062723c751e8b465ee728b)
Start importing Assets/ARDKMockEnvironments/Materials/Mock-Brown.mat using Guid(161a837e02cd14d34a600a07aceaf35e) Importer(815301076,1909f56bfc062723c751e8b465ee728b)  -> (artifact id: '9de7f576b50a858812e751fa86c86399') in 0.011291 seconds 
========================================================================
Received Import Request.
  Time since last request: 0.000324 seconds.
  path: Assets/ARDKMockEnvironments/Materials/Mock-Crowd.jpg
  artifactKey: Guid(915bd8f4e87954333b3a02db4b72a1de) Importer(815301076,1909f56bfc062723c751e8b465ee728b)
Start importing Assets/ARDKMockEnvironments/Materials/Mock-Crowd.jpg using Guid(915bd8f4e87954333b3a02db4b72a1de) Importer(815301076,1909f56bfc062723c751e8b465ee728b)  -> (artifact id: '995b662434c5155f4b7bb5d141babc70') in 0.038225 seconds 
========================================================================
Received Import Request.
  Time since last request: 0.000251 seconds.
  path: Assets/ARDKMockEnvironments/Materials/Mock-Leaf.mat
  artifactKey: Guid(de0802e2ba87046f489e16ae2790ee46) Importer(815301076,1909f56bfc062723c751e8b465ee728b)
Start importing Assets/ARDKMockEnvironments/Materials/Mock-Leaf.mat using Guid(de0802e2ba87046f489e16ae2790ee46) Importer(815301076,1909f56bfc062723c751e8b465ee728b)  -> (artifact id: 'cc88e8d54783fe0431c794e59bd68663') in 0.009138 seconds 
========================================================================
Received Import Request.
  Time since last request: 0.000291 seconds.
  path: Assets/ARDKMockEnvironments/Materials/Mock-Dirt.mat
  artifactKey: Guid(c28da3b22a6f94f0e9b29b3310688c2c) Importer(815301076,1909f56bfc062723c751e8b465ee728b)
Start importing Assets/ARDKMockEnvironments/Materials/Mock-Dirt.mat using Guid(c28da3b22a6f94f0e9b29b3310688c2c) Importer(815301076,1909f56bfc062723c751e8b465ee728b)  -> (artifact id: '7297a1cfc38699b96bb9080b165a64f0') in 0.010566 seconds 
========================================================================
Received Import Request.
  Time since last request: 0.000228 seconds.
  path: Assets/ARDKMockEnvironments/Materials/Mock-Yeti.jpg
  artifactKey: Guid(89308a676ba0b4a4fb47a27346547212) Importer(815301076,1909f56bfc062723c751e8b465ee728b)
Start importing Assets/ARDKMockEnvironments/Materials/Mock-Yeti.jpg using Guid(89308a676ba0b4a4fb47a27346547212) Importer(815301076,1909f56bfc062723c751e8b465ee728b)  -> (artifact id: 'c90133f8ddafa6b071fcf9e75d28607c') in 0.020791 seconds 
========================================================================
Received Import Request.
  Time since last request: 0.000247 seconds.
  path: Assets/ARDKMockEnvironments/Materials/Mock-Green.mat
  artifactKey: Guid(1a101c7b5ceb94874a9ca2e8e68a5cdf) Importer(815301076,1909f56bfc062723c751e8b465ee728b)
Start importing Assets/ARDKMockEnvironments/Materials/Mock-Green.mat using Guid(1a101c7b5ceb94874a9ca2e8e68a5cdf) Importer(815301076,1909f56bfc062723c751e8b465ee728b)  -> (artifact id: 'ddec3944032a419cf8308b31d4f1ee76') in 0.009043 seconds 
========================================================================
Received Import Request.
  Time since last request: 0.000257 seconds.
  path: Assets/ARDKMockEnvironments/Materials/Mock-Grey.mat
  artifactKey: Guid(53e696f68c5f941fca2a2dac620c34fc) Importer(815301076,1909f56bfc062723c751e8b465ee728b)
Start importing Assets/ARDKMockEnvironments/Materials/Mock-Grey.mat using Guid(53e696f68c5f941fca2a2dac620c34fc) Importer(815301076,1909f56bfc062723c751e8b465ee728b)  -> (artifact id: '7a436c4c22b924cf43f2ea0ff9143934') in 0.008939 seconds 
========================================================================
Received Import Request.
  Time since last request: 9.469325 seconds.
  path: Assets/ARDKMockEnvironments/Models
  artifactKey: Guid(2024376dc62804ee69ee699817a496da) Importer(815301076,1909f56bfc062723c751e8b465ee728b)
Start importing Assets/ARDKMockEnvironments/Models using Guid(2024376dc62804ee69ee699817a496da) Importer(815301076,1909f56bfc062723c751e8b465ee728b)  -> (artifact id: '6c0a5ddce31c934568e68e94e083ab42') in 0.005364 seconds 
========================================================================
Received Import Request.
  Time since last request: 3.729017 seconds.
  path: Assets/ARDKMockEnvironments/Models/Plant_Potter.fbx
  artifactKey: Guid(3232b1cc514884f3eb6d474f3a716dba) Importer(815301076,1909f56bfc062723c751e8b465ee728b)
Start importing Assets/ARDKMockEnvironments/Models/Plant_Potter.fbx using Guid(3232b1cc514884f3eb6d474f3a716dba) Importer(815301076,1909f56bfc062723c751e8b465ee728b)  -> (artifact id: '8ce7bd19005f640db1f94a6d6071daf4') in 0.089259 seconds 
========================================================================
Received Import Request.
  Time since last request: 0.000363 seconds.
  path: Assets/ARDKMockEnvironments/Models/Seater_Combo.fbx
  artifactKey: Guid(49df469240e364815a9f07e7d4b3897e) Importer(815301076,1909f56bfc062723c751e8b465ee728b)
Start importing Assets/ARDKMockEnvironments/Models/Seater_Combo.fbx using Guid(49df469240e364815a9f07e7d4b3897e) Importer(815301076,1909f56bfc062723c751e8b465ee728b)  -> (artifact id: '707da1241e8b5bbd8ec2a2e54db484d1') in 0.177909 seconds 
========================================================================
Received Import Request.
  Time since last request: 0.000255 seconds.
  path: Assets/ARDKMockEnvironments/Models/Pond_Ground.asset
  artifactKey: Guid(bc6765d0380eb4edcaf5556102d0071c) Importer(815301076,1909f56bfc062723c751e8b465ee728b)
Start importing Assets/ARDKMockEnvironments/Models/Pond_Ground.asset using Guid(bc6765d0380eb4edcaf5556102d0071c) Importer(815301076,1909f56bfc062723c751e8b465ee728b)  -> (artifact id: '3ae32215e712e7c2b5b88faa4c528d9d') in 0.010226 seconds 
========================================================================
Received Import Request.
  Time since last request: 0.000307 seconds.
  path: Assets/ARDKMockEnvironments/Models/Tree.prefab
  artifactKey: Guid(c58cf86a213804b209506c1bd654d4cd) Importer(815301076,1909f56bfc062723c751e8b465ee728b)
Start importing Assets/ARDKMockEnvironments/Models/Tree.prefab using Guid(c58cf86a213804b209506c1bd654d4cd) Importer(815301076,1909f56bfc062723c751e8b465ee728b)  -> (artifact id: 'e5af9c92cfa6932627081a6137b13238') in 0.023394 seconds 
========================================================================
Received Prepare
Registering precompiled user dll's ...
Registered in 0.002472 seconds.
Begin MonoManager ReloadAssembly
Native extension for WindowsStandalone target not found
Refreshing native plugins compatible for Editor in 0.50 ms, found 2 plugins.
Preloading 0 native plugins for Editor in 0.00 ms.
Mono: successfully reloaded assembly
- Completed reload, in  0.895 seconds
Domain Reload Profiling:
	ReloadAssembly (895ms)
		BeginReloadAssembly (96ms)
			ExecutionOrderSort (0ms)
			DisableScriptedObjects (3ms)
			BackupInstance (0ms)
			ReleaseScriptingObjects (0ms)
			CreateAndSetChildDomain (29ms)
		EndReloadAssembly (748ms)
			LoadAssemblies (82ms)
			RebuildTransferFunctionScriptingTraits (0ms)
			SetupTypeCache (263ms)
			ReleaseScriptCaches (1ms)
			RebuildScriptCaches (38ms)
			SetupLoadedEditorAssemblies (263ms)
				LogAssemblyErrors (0ms)
				InitializePlatformSupportModulesInManaged (4ms)
				SetLoadedEditorAssemblies (0ms)
				RefreshPlugins (1ms)
				BeforeProcessingInitializeOnLoad (68ms)
				ProcessInitializeOnLoadAttributes (178ms)
				ProcessInitializeOnLoadMethodAttributes (9ms)
				AfterProcessingInitializeOnLoad (3ms)
				EditorAssembliesLoaded (0ms)
			ExecutionOrderSort2 (0ms)
			AwakeInstancesAfterBackupRestoration (6ms)
Platform modules already initialized, skipping
Switching build target platform(19) subTarget(0) extendedPlatform(0) -> platform(9) subTarget(16777218) extendedPlatform(0)
Refreshing native plugins compatible for Editor in 0.48 ms, found 2 plugins.
Preloading 0 native plugins for Editor in 0.00 ms.
Unloading 2228 Unused Serialized files (Serialized files now loaded: 0)
System memory in use before: 93.4 MB.
System memory in use after: 93.5 MB.

Unloading 27 unused Assets to reduce memory usage. Loaded Objects now: 2726.
Total: 2.598600 ms (FindLiveObjects: 0.158100 ms CreateObjectMapping: 0.077900 ms MarkObjects: 2.285600 ms  DeleteObjects: 0.076400 ms)

AssetImportParameters requested are different than current active one (requested -> active):
  custom:framework-win-MediaFoundation: 216162199b28c13a410421893ffa2e32 -> 
  custom:video-decoder-ogg-theora: a1e56fd34408186e4bbccfd4996cb3dc -> 
  custom:container-muxer-webm: aa71ff27fc2769a1b78a27578f13a17b -> 
  custom:container-demuxer-webm: 4f35f7cbe854078d1ac9338744f61a02 -> 
  custom:container-demuxer-ogg: 62fdf1f143b41e24485cea50d1cbac27 -> 
  custom:video-encoder-webm-vp8: eb34c28f22e8b96e1ab97ce403110664 -> 
  custom:video-codec-MediaFoundation-h265: 746d11721c4dcdbdad8f713fa42b33f4 -> 
  custom:video-decoder-webm-vp8: 9c59270c3fd7afecdb556c50c9e8de78 -> 
  custom:graphics/normal-map-encoding: 01000000000000000000000000000000 -> 02000000000000000000000000000000
  custom:audio-decoder-ogg-vorbis: bf7c407c2cedff20999df2af8eb42d56 -> 
  custom:audio-encoder-webm-vorbis: bf7c407c2cedff20999df2af8eb42d56 -> 
========================================================================
Received Import Request.
  Time since last request: 48.997891 seconds.
  path: Assets/ARDK/ARDK.asmdef
  artifactKey: Guid(f3cc28278c88a4b43ae1ec99ea44ed56) Importer(815301076,1909f56bfc062723c751e8b465ee728b)
Start importing Assets/ARDK/ARDK.asmdef using Guid(f3cc28278c88a4b43ae1ec99ea44ed56) Importer(815301076,1909f56bfc062723c751e8b465ee728b)  -> (artifact id: '413f5a59f0d00194eecfc78cfdc56dc7') in 0.007978 seconds 
========================================================================
Received Import Request.
  Time since last request: 1.620836 seconds.
  path: Assets/Resources/ARDK/ArdkAuthConfig.asset
  artifactKey: Guid(22df5cd24dee11a428a21c311fca9eb4) Importer(815301076,1909f56bfc062723c751e8b465ee728b)
Start importing Assets/Resources/ARDK/ArdkAuthConfig.asset using Guid(22df5cd24dee11a428a21c311fca9eb4) Importer(815301076,1909f56bfc062723c751e8b465ee728b)  -> (artifact id: 'ef6948d20e6cfa42d6025ecf26c4b2be') in 0.013502 seconds 
========================================================================
Received Import Request.
  Time since last request: 12.995665 seconds.
  path: Assets/ARDK/Editor/ARDK-Editor.asmdef
  artifactKey: Guid(cb3367e27d5c740089bcadc6ab9be726) Importer(815301076,1909f56bfc062723c751e8b465ee728b)
Start importing Assets/ARDK/Editor/ARDK-Editor.asmdef using Guid(cb3367e27d5c740089bcadc6ab9be726) Importer(815301076,1909f56bfc062723c751e8b465ee728b)  -> (artifact id: '38a22231f267e2411f8d61549bdbf232') in 0.005043 seconds 
========================================================================
Received Import Request.
  Time since last request: 0.000263 seconds.
  path: Assets/ARDK/Rendering/SRP/ArdkUrpAsset.asset
  artifactKey: Guid(a857f2a9d2f014d2b84f097d70eefa14) Importer(815301076,1909f56bfc062723c751e8b465ee728b)
Start importing Assets/ARDK/Rendering/SRP/ArdkUrpAsset.asset using Guid(a857f2a9d2f014d2b84f097d70eefa14) Importer(815301076,1909f56bfc062723c751e8b465ee728b)  -> (artifact id: '25cacdfdbad02c341079bacff2a4c3a7') in 0.004639 seconds 
========================================================================
Received Import Request.
  Time since last request: 0.000268 seconds.
  path: Assets/ARDKExamples/Resources/ARDK/ArdkAuthConfig.asset
  artifactKey: Guid(aca6f812f764d444299ccea621650927) Importer(815301076,1909f56bfc062723c751e8b465ee728b)
Start importing Assets/ARDKExamples/Resources/ARDK/ArdkAuthConfig.asset using Guid(aca6f812f764d444299ccea621650927) Importer(815301076,1909f56bfc062723c751e8b465ee728b)  -> (artifact id: '43ad9d3a7b526ce9371285bd511f0f58') in 0.001603 seconds 
========================================================================
Received Import Request.
  Time since last request: 24.043469 seconds.
  path: Assets/ARDK/Extensions/Prefabs/ARNetworkingSceneManager.prefab
  artifactKey: Guid(903492e152bd34b2b8e964fe195297e8) Importer(815301076,1909f56bfc062723c751e8b465ee728b)
Start importing Assets/ARDK/Extensions/Prefabs/ARNetworkingSceneManager.prefab using Guid(903492e152bd34b2b8e964fe195297e8) Importer(815301076,1909f56bfc062723c751e8b465ee728b)  -> (artifact id: 'db5ad57141d0bf2934d05d4231d448ea') in 0.022133 seconds 
========================================================================
Received Import Request.
  Time since last request: 0.016159 seconds.
  path: Assets/ARDK/Extensions/Prefabs/ARSceneManager.prefab
  artifactKey: Guid(e91d6d15f11cc4ad29bb1a41ae9aa381) Importer(815301076,1909f56bfc062723c751e8b465ee728b)
Start importing Assets/ARDK/Extensions/Prefabs/ARSceneManager.prefab using Guid(e91d6d15f11cc4ad29bb1a41ae9aa381) Importer(815301076,1909f56bfc062723c751e8b465ee728b)  -> (artifact id: '96270486b72362901abcb7a8f42f3256') in 0.007115 seconds 
========================================================================
Received Import Request.
  Time since last request: 115.171659 seconds.
  path: ProjectSettings/TagManager.asset
  artifactKey: Guid(00000000000000003000000000000000) Importer(815301076,1909f56bfc062723c751e8b465ee728b)
Start importing ProjectSettings/TagManager.asset using Guid(00000000000000003000000000000000) Importer(815301076,1909f56bfc062723c751e8b465ee728b)  -> (artifact id: '9c2f13a3d3c31d92854f5b4c77b98fac') in 0.004424 seconds 
========================================================================
Received Prepare
Registering precompiled user dll's ...
Registered in 0.002265 seconds.
Begin MonoManager ReloadAssembly
Native extension for WindowsStandalone target not found
Refreshing native plugins compatible for Editor in 0.54 ms, found 2 plugins.
Preloading 0 native plugins for Editor in 0.00 ms.
Mono: successfully reloaded assembly
- Completed reload, in  0.844 seconds
Domain Reload Profiling:
	ReloadAssembly (845ms)
		BeginReloadAssembly (94ms)
			ExecutionOrderSort (0ms)
			DisableScriptedObjects (4ms)
			BackupInstance (0ms)
			ReleaseScriptingObjects (0ms)
			CreateAndSetChildDomain (29ms)
		EndReloadAssembly (702ms)
			LoadAssemblies (78ms)
			RebuildTransferFunctionScriptingTraits (0ms)
			SetupTypeCache (255ms)
			ReleaseScriptCaches (1ms)
			RebuildScriptCaches (36ms)
			SetupLoadedEditorAssemblies (245ms)
				LogAssemblyErrors (0ms)
				InitializePlatformSupportModulesInManaged (3ms)
				SetLoadedEditorAssemblies (0ms)
				RefreshPlugins (1ms)
				BeforeProcessingInitializeOnLoad (61ms)
				ProcessInitializeOnLoadAttributes (168ms)
				ProcessInitializeOnLoadMethodAttributes (9ms)
				AfterProcessingInitializeOnLoad (3ms)
				EditorAssembliesLoaded (0ms)
			ExecutionOrderSort2 (0ms)
			AwakeInstancesAfterBackupRestoration (6ms)
Platform modules already initialized, skipping
Switching build target platform(19) subTarget(0) extendedPlatform(0) -> platform(9) subTarget(16777218) extendedPlatform(0)
Refreshing native plugins compatible for Editor in 0.45 ms, found 2 plugins.
Preloading 0 native plugins for Editor in 0.00 ms.
Unloading 2228 Unused Serialized files (Serialized files now loaded: 0)
System memory in use before: 93.4 MB.
System memory in use after: 93.5 MB.

Unloading 28 unused Assets to reduce memory usage. Loaded Objects now: 2729.
Total: 2.835200 ms (FindLiveObjects: 0.177100 ms CreateObjectMapping: 0.082800 ms MarkObjects: 2.496600 ms  DeleteObjects: 0.078000 ms)

AssetImportParameters requested are different than current active one (requested -> active):
  custom:framework-win-MediaFoundation: 216162199b28c13a410421893ffa2e32 -> 
  custom:video-decoder-ogg-theora: a1e56fd34408186e4bbccfd4996cb3dc -> 
  custom:container-muxer-webm: aa71ff27fc2769a1b78a27578f13a17b -> 
  custom:container-demuxer-webm: 4f35f7cbe854078d1ac9338744f61a02 -> 
  custom:container-demuxer-ogg: 62fdf1f143b41e24485cea50d1cbac27 -> 
  custom:video-encoder-webm-vp8: eb34c28f22e8b96e1ab97ce403110664 -> 
  custom:video-codec-MediaFoundation-h265: 746d11721c4dcdbdad8f713fa42b33f4 -> 
  custom:video-decoder-webm-vp8: 9c59270c3fd7afecdb556c50c9e8de78 -> 
  custom:graphics/normal-map-encoding: 01000000000000000000000000000000 -> 02000000000000000000000000000000
  custom:audio-decoder-ogg-vorbis: bf7c407c2cedff20999df2af8eb42d56 -> 
  custom:audio-encoder-webm-vorbis: bf7c407c2cedff20999df2af8eb42d56 -> 
========================================================================
Received Prepare
Registering precompiled user dll's ...
Registered in 0.002586 seconds.
Begin MonoManager ReloadAssembly
Native extension for WindowsStandalone target not found
Refreshing native plugins compatible for Editor in 0.47 ms, found 2 plugins.
Preloading 0 native plugins for Editor in 0.00 ms.
Mono: successfully reloaded assembly
- Completed reload, in  0.911 seconds
Domain Reload Profiling:
	ReloadAssembly (911ms)
		BeginReloadAssembly (94ms)
			ExecutionOrderSort (0ms)
			DisableScriptedObjects (4ms)
			BackupInstance (0ms)
			ReleaseScriptingObjects (0ms)
			CreateAndSetChildDomain (27ms)
		EndReloadAssembly (767ms)
			LoadAssemblies (79ms)
			RebuildTransferFunctionScriptingTraits (0ms)
			SetupTypeCache (275ms)
			ReleaseScriptCaches (1ms)
			RebuildScriptCaches (38ms)
			SetupLoadedEditorAssemblies (258ms)
				LogAssemblyErrors (0ms)
				InitializePlatformSupportModulesInManaged (4ms)
				SetLoadedEditorAssemblies (0ms)
				RefreshPlugins (1ms)
				BeforeProcessingInitializeOnLoad (65ms)
				ProcessInitializeOnLoadAttributes (177ms)
				ProcessInitializeOnLoadMethodAttributes (8ms)
				AfterProcessingInitializeOnLoad (3ms)
				EditorAssembliesLoaded (0ms)
			ExecutionOrderSort2 (0ms)
			AwakeInstancesAfterBackupRestoration (7ms)
Platform modules already initialized, skipping
Switching build target platform(19) subTarget(0) extendedPlatform(0) -> platform(9) subTarget(16777218) extendedPlatform(0)
Refreshing native plugins compatible for Editor in 0.47 ms, found 2 plugins.
Preloading 0 native plugins for Editor in 0.00 ms.
Unloading 2228 Unused Serialized files (Serialized files now loaded: 0)
System memory in use before: 93.3 MB.
System memory in use after: 93.5 MB.

Unloading 27 unused Assets to reduce memory usage. Loaded Objects now: 2732.
Total: 4.241700 ms (FindLiveObjects: 0.269200 ms CreateObjectMapping: 0.125700 ms MarkObjects: 3.727200 ms  DeleteObjects: 0.118000 ms)

AssetImportParameters requested are different than current active one (requested -> active):
  custom:framework-win-MediaFoundation: 216162199b28c13a410421893ffa2e32 -> 
  custom:video-decoder-ogg-theora: a1e56fd34408186e4bbccfd4996cb3dc -> 
  custom:container-muxer-webm: aa71ff27fc2769a1b78a27578f13a17b -> 
  custom:container-demuxer-webm: 4f35f7cbe854078d1ac9338744f61a02 -> 
  custom:container-demuxer-ogg: 62fdf1f143b41e24485cea50d1cbac27 -> 
  custom:video-encoder-webm-vp8: eb34c28f22e8b96e1ab97ce403110664 -> 
  custom:video-codec-MediaFoundation-h265: 746d11721c4dcdbdad8f713fa42b33f4 -> 
  custom:video-decoder-webm-vp8: 9c59270c3fd7afecdb556c50c9e8de78 -> 
  custom:graphics/normal-map-encoding: 01000000000000000000000000000000 -> 02000000000000000000000000000000
  custom:audio-decoder-ogg-vorbis: bf7c407c2cedff20999df2af8eb42d56 -> 
  custom:audio-encoder-webm-vorbis: bf7c407c2cedff20999df2af8eb42d56 -> 
========================================================================
Received Prepare
Registering precompiled user dll's ...
Registered in 0.002256 seconds.
Begin MonoManager ReloadAssembly
Native extension for WindowsStandalone target not found
Refreshing native plugins compatible for Editor in 0.55 ms, found 2 plugins.
Preloading 0 native plugins for Editor in 0.00 ms.
Mono: successfully reloaded assembly
- Completed reload, in  0.907 seconds
Domain Reload Profiling:
	ReloadAssembly (907ms)
		BeginReloadAssembly (108ms)
			ExecutionOrderSort (0ms)
			DisableScriptedObjects (4ms)
			BackupInstance (0ms)
			ReleaseScriptingObjects (0ms)
			CreateAndSetChildDomain (30ms)
		EndReloadAssembly (746ms)
			LoadAssemblies (88ms)
			RebuildTransferFunctionScriptingTraits (0ms)
			SetupTypeCache (276ms)
			ReleaseScriptCaches (1ms)
			RebuildScriptCaches (37ms)
			SetupLoadedEditorAssemblies (258ms)
				LogAssemblyErrors (0ms)
				InitializePlatformSupportModulesInManaged (4ms)
				SetLoadedEditorAssemblies (0ms)
				RefreshPlugins (1ms)
				BeforeProcessingInitializeOnLoad (67ms)
				ProcessInitializeOnLoadAttributes (173ms)
				ProcessInitializeOnLoadMethodAttributes (10ms)
				AfterProcessingInitializeOnLoad (3ms)
				EditorAssembliesLoaded (0ms)
			ExecutionOrderSort2 (0ms)
			AwakeInstancesAfterBackupRestoration (6ms)
Platform modules already initialized, skipping
Switching build target platform(19) subTarget(0) extendedPlatform(0) -> platform(9) subTarget(16777218) extendedPlatform(0)
Refreshing native plugins compatible for Editor in 0.51 ms, found 2 plugins.
Preloading 0 native plugins for Editor in 0.00 ms.
Unloading 2228 Unused Serialized files (Serialized files now loaded: 0)
System memory in use before: 93.4 MB.
System memory in use after: 93.6 MB.

Unloading 27 unused Assets to reduce memory usage. Loaded Objects now: 2735.
Total: 2.796400 ms (FindLiveObjects: 0.174100 ms CreateObjectMapping: 0.071500 ms MarkObjects: 2.461200 ms  DeleteObjects: 0.088900 ms)

AssetImportParameters requested are different than current active one (requested -> active):
  custom:framework-win-MediaFoundation: 216162199b28c13a410421893ffa2e32 -> 
  custom:video-decoder-ogg-theora: a1e56fd34408186e4bbccfd4996cb3dc -> 
  custom:container-muxer-webm: aa71ff27fc2769a1b78a27578f13a17b -> 
  custom:container-demuxer-webm: 4f35f7cbe854078d1ac9338744f61a02 -> 
  custom:container-demuxer-ogg: 62fdf1f143b41e24485cea50d1cbac27 -> 
  custom:video-encoder-webm-vp8: eb34c28f22e8b96e1ab97ce403110664 -> 
  custom:video-codec-MediaFoundation-h265: 746d11721c4dcdbdad8f713fa42b33f4 -> 
  custom:video-decoder-webm-vp8: 9c59270c3fd7afecdb556c50c9e8de78 -> 
  custom:graphics/normal-map-encoding: 01000000000000000000000000000000 -> 02000000000000000000000000000000
  custom:audio-decoder-ogg-vorbis: bf7c407c2cedff20999df2af8eb42d56 -> 
  custom:audio-encoder-webm-vorbis: bf7c407c2cedff20999df2af8eb42d56 -> 
========================================================================
Received Import Request.
  Time since last request: 3283.439561 seconds.
  path: Assets/ARDK/Extensions/Planefinding/DebugPlane.prefab
  artifactKey: Guid(4acc747cb290c4a2ab62bc6239fee1b2) Importer(815301076,1909f56bfc062723c751e8b465ee728b)
Start importing Assets/ARDK/Extensions/Planefinding/DebugPlane.prefab using Guid(4acc747cb290c4a2ab62bc6239fee1b2) Importer(815301076,1909f56bfc062723c751e8b465ee728b)  -> (artifact id: '81089113955a8950f92776aa7374eb44') in 0.057870 seconds 
========================================================================
Received Import Request.
  Time since last request: 0.690608 seconds.
  path: Assets/ARDKExamples/Common/Prefabs/Plane.prefab
  artifactKey: Guid(e74e134ee718b4fa6826f648e5278b60) Importer(815301076,1909f56bfc062723c751e8b465ee728b)
Start importing Assets/ARDKExamples/Common/Prefabs/Plane.prefab using Guid(e74e134ee718b4fa6826f648e5278b60) Importer(815301076,1909f56bfc062723c751e8b465ee728b)  -> (artifact id: '47d48b4ae32a42daf782e1d9a61bb6af') in 0.012532 seconds 
========================================================================
Received Import Request.
  Time since last request: 0.000269 seconds.
  path: Assets/ARDK/Extensions/Planefinding/PlaneRenderer.prefab
  artifactKey: Guid(f743302a2f9034b29bb74934bb56402b) Importer(815301076,1909f56bfc062723c751e8b465ee728b)
Start importing Assets/ARDK/Extensions/Planefinding/PlaneRenderer.prefab using Guid(f743302a2f9034b29bb74934bb56402b) Importer(815301076,1909f56bfc062723c751e8b465ee728b)  -> (artifact id: '80aeb48d32ba97ba7a014e590e695964') in 0.009393 seconds 
========================================================================
Received Import Request.
  Time since last request: 0.000326 seconds.
  path: Assets/ARDK/Extensions/Planefinding/PlanefindingGridNormal.png
  artifactKey: Guid(081be73d5e04849379894bbbea8524ea) Importer(815301076,1909f56bfc062723c751e8b465ee728b)
Start importing Assets/ARDK/Extensions/Planefinding/PlanefindingGridNormal.png using Guid(081be73d5e04849379894bbbea8524ea) Importer(815301076,1909f56bfc062723c751e8b465ee728b)  -> (artifact id: '0e0b0869809d78db39e0839845ee2c58') in 0.036273 seconds 
========================================================================
Received Import Request.
  Time since last request: 0.000303 seconds.
  path: Assets/ARDK/Extensions/Planefinding/PlanefindingGrid.mat
  artifactKey: Guid(086d9a479bba14014af77a02085e3e0d) Importer(815301076,1909f56bfc062723c751e8b465ee728b)
Start importing Assets/ARDK/Extensions/Planefinding/PlanefindingGrid.mat using Guid(086d9a479bba14014af77a02085e3e0d) Importer(815301076,1909f56bfc062723c751e8b465ee728b)  -> (artifact id: '5da317154dbb7c71f337b32eb53d79c2') in 0.020238 seconds 
========================================================================
Received Import Request.
  Time since last request: 0.000329 seconds.
  path: Assets/ARDK/Extensions/Planefinding/PlanefindingGrid00.png
  artifactKey: Guid(be98d61473f61478a94ecbeaf5e45bd8) Importer(815301076,1909f56bfc062723c751e8b465ee728b)
Start importing Assets/ARDK/Extensions/Planefinding/PlanefindingGrid00.png using Guid(be98d61473f61478a94ecbeaf5e45bd8) Importer(815301076,1909f56bfc062723c751e8b465ee728b)  -> (artifact id: '4779c5dc1a89291aae2d5c55bf3cd97b') in 0.090810 seconds 
========================================================================
Received Import Request.
  Time since last request: 0.000284 seconds.
  path: Assets/ARDK/Extensions/Planefinding/PlanePrefab.prefab
  artifactKey: Guid(98e455e2ba6ba413287f8cd497d4b08e) Importer(815301076,1909f56bfc062723c751e8b465ee728b)
Start importing Assets/ARDK/Extensions/Planefinding/PlanePrefab.prefab using Guid(98e455e2ba6ba413287f8cd497d4b08e) Importer(815301076,1909f56bfc062723c751e8b465ee728b)  -> (artifact id: '4d0c3201d4b2a7ed94f811267d5d6763') in 0.012122 seconds 
========================================================================
Received Import Request.
  Time since last request: 0.000218 seconds.
  path: Assets/ARDK/Extensions/Planefinding/PlanefindingGrid01.png
  artifactKey: Guid(98a5c30ad090e427e84419292ecd227b) Importer(815301076,1909f56bfc062723c751e8b465ee728b)
Start importing Assets/ARDK/Extensions/Planefinding/PlanefindingGrid01.png using Guid(98a5c30ad090e427e84419292ecd227b) Importer(815301076,1909f56bfc062723c751e8b465ee728b)  -> (artifact id: '90527256ad3460304af1105dc86ba609') in 0.010500 seconds 
========================================================================
Received Prepare
Registering precompiled user dll's ...
Registered in 0.002272 seconds.
Begin MonoManager ReloadAssembly
Native extension for WindowsStandalone target not found
Refreshing native plugins compatible for Editor in 0.46 ms, found 2 plugins.
Preloading 0 native plugins for Editor in 0.00 ms.
Mono: successfully reloaded assembly
- Completed reload, in  0.899 seconds
Domain Reload Profiling:
	ReloadAssembly (899ms)
		BeginReloadAssembly (94ms)
			ExecutionOrderSort (0ms)
			DisableScriptedObjects (3ms)
			BackupInstance (0ms)
			ReleaseScriptingObjects (0ms)
			CreateAndSetChildDomain (28ms)
		EndReloadAssembly (755ms)
			LoadAssemblies (80ms)
			RebuildTransferFunctionScriptingTraits (0ms)
			SetupTypeCache (281ms)
			ReleaseScriptCaches (1ms)
			RebuildScriptCaches (38ms)
			SetupLoadedEditorAssemblies (255ms)
				LogAssemblyErrors (0ms)
				InitializePlatformSupportModulesInManaged (4ms)
				SetLoadedEditorAssemblies (0ms)
				RefreshPlugins (1ms)
				BeforeProcessingInitializeOnLoad (65ms)
				ProcessInitializeOnLoadAttributes (173ms)
				ProcessInitializeOnLoadMethodAttributes (9ms)
				AfterProcessingInitializeOnLoad (3ms)
				EditorAssembliesLoaded (0ms)
			ExecutionOrderSort2 (0ms)
			AwakeInstancesAfterBackupRestoration (6ms)
Platform modules already initialized, skipping
Switching build target platform(19) subTarget(0) extendedPlatform(0) -> platform(9) subTarget(16777218) extendedPlatform(0)
Refreshing native plugins compatible for Editor in 0.45 ms, found 2 plugins.
Preloading 0 native plugins for Editor in 0.00 ms.
Unloading 2228 Unused Serialized files (Serialized files now loaded: 0)
System memory in use before: 93.5 MB.
System memory in use after: 93.6 MB.

Unloading 28 unused Assets to reduce memory usage. Loaded Objects now: 2739.
Total: 3.453600 ms (FindLiveObjects: 0.261600 ms CreateObjectMapping: 0.107800 ms MarkObjects: 2.994700 ms  DeleteObjects: 0.088300 ms)

AssetImportParameters requested are different than current active one (requested -> active):
  custom:framework-win-MediaFoundation: 216162199b28c13a410421893ffa2e32 -> 
  custom:video-decoder-ogg-theora: a1e56fd34408186e4bbccfd4996cb3dc -> 
  custom:container-muxer-webm: aa71ff27fc2769a1b78a27578f13a17b -> 
  custom:container-demuxer-webm: 4f35f7cbe854078d1ac9338744f61a02 -> 
  custom:container-demuxer-ogg: 62fdf1f143b41e24485cea50d1cbac27 -> 
  custom:video-encoder-webm-vp8: eb34c28f22e8b96e1ab97ce403110664 -> 
  custom:video-codec-MediaFoundation-h265: 746d11721c4dcdbdad8f713fa42b33f4 -> 
  custom:video-decoder-webm-vp8: 9c59270c3fd7afecdb556c50c9e8de78 -> 
  custom:graphics/normal-map-encoding: 01000000000000000000000000000000 -> 02000000000000000000000000000000
  custom:audio-decoder-ogg-vorbis: bf7c407c2cedff20999df2af8eb42d56 -> 
  custom:audio-encoder-webm-vorbis: bf7c407c2cedff20999df2af8eb42d56 -> 
========================================================================
Received Import Request.
  Time since last request: 72.090444 seconds.
  path: Assets/ARDK/Extensions/Planefinding/PlanefindingGrid.shader
  artifactKey: Guid(a49c079036efc4cb1b47c6d5c42aabed) Importer(815301076,1909f56bfc062723c751e8b465ee728b)
Start importing Assets/ARDK/Extensions/Planefinding/PlanefindingGrid.shader using Guid(a49c079036efc4cb1b47c6d5c42aabed) Importer(815301076,1909f56bfc062723c751e8b465ee728b)  -> (artifact id: '0b5cd80bff59183dfac809b5ea00715d') in 0.013534 seconds 
========================================================================
Received Prepare
Registering precompiled user dll's ...
Registered in 0.003397 seconds.
Begin MonoManager ReloadAssembly
Native extension for WindowsStandalone target not found
Refreshing native plugins compatible for Editor in 46.23 ms, found 2 plugins.
Preloading 0 native plugins for Editor in 0.00 ms.
Mono: successfully reloaded assembly
- Completed reload, in  1.001 seconds
Domain Reload Profiling:
	ReloadAssembly (1001ms)
		BeginReloadAssembly (100ms)
			ExecutionOrderSort (0ms)
			DisableScriptedObjects (4ms)
			BackupInstance (0ms)
			ReleaseScriptingObjects (0ms)
			CreateAndSetChildDomain (27ms)
		EndReloadAssembly (840ms)
			LoadAssemblies (90ms)
			RebuildTransferFunctionScriptingTraits (0ms)
			SetupTypeCache (296ms)
			ReleaseScriptCaches (1ms)
			RebuildScriptCaches (44ms)
			SetupLoadedEditorAssemblies (281ms)
				LogAssemblyErrors (0ms)
				InitializePlatformSupportModulesInManaged (3ms)
				SetLoadedEditorAssemblies (0ms)
				RefreshPlugins (46ms)
				BeforeProcessingInitializeOnLoad (56ms)
				ProcessInitializeOnLoadAttributes (165ms)
				ProcessInitializeOnLoadMethodAttributes (8ms)
				AfterProcessingInitializeOnLoad (3ms)
				EditorAssembliesLoaded (0ms)
			ExecutionOrderSort2 (0ms)
			AwakeInstancesAfterBackupRestoration (6ms)
Platform modules already initialized, skipping
Switching build target platform(19) subTarget(0) extendedPlatform(0) -> platform(9) subTarget(16777218) extendedPlatform(0)
Refreshing native plugins compatible for Editor in 0.59 ms, found 2 plugins.
Preloading 0 native plugins for Editor in 0.00 ms.
Unloading 3028 Unused Serialized files (Serialized files now loaded: 0)
System memory in use before: 115.9 MB.
System memory in use after: 115.8 MB.

Unloading 34 unused Assets to reduce memory usage. Loaded Objects now: 3535.
Total: 3.342000 ms (FindLiveObjects: 0.250900 ms CreateObjectMapping: 0.139500 ms MarkObjects: 2.777600 ms  DeleteObjects: 0.173400 ms)

AssetImportParameters requested are different than current active one (requested -> active):
  custom:framework-win-MediaFoundation: 216162199b28c13a410421893ffa2e32 -> 
  custom:video-decoder-ogg-theora: a1e56fd34408186e4bbccfd4996cb3dc -> 
  custom:container-muxer-webm: aa71ff27fc2769a1b78a27578f13a17b -> 
  custom:container-demuxer-webm: 4f35f7cbe854078d1ac9338744f61a02 -> 
  custom:container-demuxer-ogg: 62fdf1f143b41e24485cea50d1cbac27 -> 
  custom:video-encoder-webm-vp8: eb34c28f22e8b96e1ab97ce403110664 -> 
  custom:video-codec-MediaFoundation-h265: 746d11721c4dcdbdad8f713fa42b33f4 -> 
  custom:video-decoder-webm-vp8: 9c59270c3fd7afecdb556c50c9e8de78 -> 
  custom:graphics/normal-map-encoding: 01000000000000000000000000000000 -> 02000000000000000000000000000000
  custom:audio-decoder-ogg-vorbis: bf7c407c2cedff20999df2af8eb42d56 -> 
  custom:audio-encoder-webm-vorbis: bf7c407c2cedff20999df2af8eb42d56 -> 
========================================================================
Received Import Request.
  Time since last request: 227.155914 seconds.
  path: Assets/ARDK/Extensions/Planefinding/PlanefindingGrid.cs
  artifactKey: Guid(8e13d51c041f449099317b4cd93a4b25) Importer(815301076,1909f56bfc062723c751e8b465ee728b)
Start importing Assets/ARDK/Extensions/Planefinding/PlanefindingGrid.cs using Guid(8e13d51c041f449099317b4cd93a4b25) Importer(815301076,1909f56bfc062723c751e8b465ee728b)  -> (artifact id: 'bcfc5a96d5242ef23b88e88f77d60bf3') in 0.009092 seconds 
========================================================================
Received Import Request.
  Time since last request: 16.242244 seconds.
  path: Assets/ARDK/Extensions/Planefinding
  artifactKey: Guid(efb484e07c7a647d4a21dae367086f2e) Importer(815301076,1909f56bfc062723c751e8b465ee728b)
Start importing Assets/ARDK/Extensions/Planefinding using Guid(efb484e07c7a647d4a21dae367086f2e) Importer(815301076,1909f56bfc062723c751e8b465ee728b)  -> (artifact id: '9e3e6959fc779d4eb2235f2ead6139bf') in 0.004612 seconds 
========================================================================
Received Prepare
Registering precompiled user dll's ...
Registered in 0.002705 seconds.
Begin MonoManager ReloadAssembly
Native extension for WindowsStandalone target not found
Refreshing native plugins compatible for Editor in 0.56 ms, found 2 plugins.
Preloading 0 native plugins for Editor in 0.00 ms.
Mono: successfully reloaded assembly
- Completed reload, in  0.993 seconds
Domain Reload Profiling:
	ReloadAssembly (993ms)
		BeginReloadAssembly (105ms)
			ExecutionOrderSort (0ms)
			DisableScriptedObjects (4ms)
			BackupInstance (0ms)
			ReleaseScriptingObjects (0ms)
			CreateAndSetChildDomain (36ms)
		EndReloadAssembly (838ms)
			LoadAssemblies (82ms)
			RebuildTransferFunctionScriptingTraits (0ms)
			SetupTypeCache (326ms)
			ReleaseScriptCaches (2ms)
			RebuildScriptCaches (41ms)
			SetupLoadedEditorAssemblies (275ms)
				LogAssemblyErrors (0ms)
				InitializePlatformSupportModulesInManaged (5ms)
				SetLoadedEditorAssemblies (0ms)
				RefreshPlugins (1ms)
				BeforeProcessingInitializeOnLoad (75ms)
				ProcessInitializeOnLoadAttributes (182ms)
				ProcessInitializeOnLoadMethodAttributes (9ms)
				AfterProcessingInitializeOnLoad (3ms)
				EditorAssembliesLoaded (0ms)
			ExecutionOrderSort2 (0ms)
			AwakeInstancesAfterBackupRestoration (6ms)
Platform modules already initialized, skipping
Switching build target platform(19) subTarget(0) extendedPlatform(0) -> platform(9) subTarget(16777218) extendedPlatform(0)
Refreshing native plugins compatible for Editor in 0.60 ms, found 2 plugins.
Preloading 0 native plugins for Editor in 0.00 ms.
Unloading 3028 Unused Serialized files (Serialized files now loaded: 0)
System memory in use before: 115.9 MB.
System memory in use after: 115.8 MB.

Unloading 34 unused Assets to reduce memory usage. Loaded Objects now: 3538.
Total: 3.374500 ms (FindLiveObjects: 0.235700 ms CreateObjectMapping: 0.121800 ms MarkObjects: 2.848400 ms  DeleteObjects: 0.167700 ms)

AssetImportParameters requested are different than current active one (requested -> active):
  custom:framework-win-MediaFoundation: 216162199b28c13a410421893ffa2e32 -> 
  custom:video-decoder-ogg-theora: a1e56fd34408186e4bbccfd4996cb3dc -> 
  custom:container-muxer-webm: aa71ff27fc2769a1b78a27578f13a17b -> 
  custom:container-demuxer-webm: 4f35f7cbe854078d1ac9338744f61a02 -> 
  custom:container-demuxer-ogg: 62fdf1f143b41e24485cea50d1cbac27 -> 
  custom:video-encoder-webm-vp8: eb34c28f22e8b96e1ab97ce403110664 -> 
  custom:video-codec-MediaFoundation-h265: 746d11721c4dcdbdad8f713fa42b33f4 -> 
  custom:video-decoder-webm-vp8: 9c59270c3fd7afecdb556c50c9e8de78 -> 
  custom:graphics/normal-map-encoding: 01000000000000000000000000000000 -> 02000000000000000000000000000000
  custom:audio-decoder-ogg-vorbis: bf7c407c2cedff20999df2af8eb42d56 -> 
  custom:audio-encoder-webm-vorbis: bf7c407c2cedff20999df2af8eb42d56 -> 
========================================================================
Received Prepare
Registering precompiled user dll's ...
Registered in 0.005901 seconds.
Begin MonoManager ReloadAssembly
Native extension for WindowsStandalone target not found
Refreshing native plugins compatible for Editor in 0.62 ms, found 2 plugins.
Preloading 0 native plugins for Editor in 0.00 ms.
Mono: successfully reloaded assembly
- Completed reload, in  1.202 seconds
Domain Reload Profiling:
	ReloadAssembly (1202ms)
		BeginReloadAssembly (126ms)
			ExecutionOrderSort (0ms)
			DisableScriptedObjects (5ms)
			BackupInstance (0ms)
			ReleaseScriptingObjects (0ms)
			CreateAndSetChildDomain (36ms)
		EndReloadAssembly (1015ms)
			LoadAssemblies (109ms)
			RebuildTransferFunctionScriptingTraits (0ms)
			SetupTypeCache (363ms)
			ReleaseScriptCaches (1ms)
			RebuildScriptCaches (73ms)
			SetupLoadedEditorAssemblies (325ms)
				LogAssemblyErrors (0ms)
				InitializePlatformSupportModulesInManaged (6ms)
				SetLoadedEditorAssemblies (1ms)
				RefreshPlugins (1ms)
				BeforeProcessingInitializeOnLoad (98ms)
				ProcessInitializeOnLoadAttributes (206ms)
				ProcessInitializeOnLoadMethodAttributes (11ms)
				AfterProcessingInitializeOnLoad (3ms)
				EditorAssembliesLoaded (0ms)
			ExecutionOrderSort2 (0ms)
			AwakeInstancesAfterBackupRestoration (7ms)
Platform modules already initialized, skipping
Switching build target platform(19) subTarget(0) extendedPlatform(0) -> platform(13) subTarget(537395200) extendedPlatform(0)
Refreshing native plugins compatible for Editor in 1.12 ms, found 2 plugins.
Preloading 0 native plugins for Editor in 0.00 ms.
Unloading 3028 Unused Serialized files (Serialized files now loaded: 0)
System memory in use before: 115.9 MB.
System memory in use after: 115.8 MB.

Unloading 34 unused Assets to reduce memory usage. Loaded Objects now: 3541.
Total: 5.524200 ms (FindLiveObjects: 0.481000 ms CreateObjectMapping: 0.304400 ms MarkObjects: 4.502500 ms  DeleteObjects: 0.234700 ms)

AssetImportParameters requested are different than current active one (requested -> active):
  custom:framework-win-MediaFoundation: 216162199b28c13a410421893ffa2e32 -> 
  custom:video-decoder-ogg-theora: a1e56fd34408186e4bbccfd4996cb3dc -> 
  custom:container-muxer-webm: aa71ff27fc2769a1b78a27578f13a17b -> 
  custom:container-demuxer-webm: 4f35f7cbe854078d1ac9338744f61a02 -> 
  custom:container-demuxer-ogg: 62fdf1f143b41e24485cea50d1cbac27 -> 
  custom:video-encoder-webm-vp8: eb34c28f22e8b96e1ab97ce403110664 -> 
  custom:video-codec-MediaFoundation-h265: 746d11721c4dcdbdad8f713fa42b33f4 -> 
  custom:video-decoder-webm-vp8: 9c59270c3fd7afecdb556c50c9e8de78 -> 
  custom:graphics/normal-map-encoding: 01000000000000000000000000000000 -> 02000000000000000000000000000000
  custom:audio-decoder-ogg-vorbis: bf7c407c2cedff20999df2af8eb42d56 -> 
  custom:audio-encoder-webm-vorbis: bf7c407c2cedff20999df2af8eb42d56 -> 
========================================================================
Received Prepare
Refreshing native plugins compatible for Editor in 9.70 ms, found 2 plugins.
Preloading 0 native plugins for Editor in 0.00 ms.
Unloading 32 Unused Serialized files (Serialized files now loaded: 0)
System memory in use before: 56.5 MB.
System memory in use after: 56.4 MB.

Unloading 32 unused Assets to reduce memory usage. Loaded Objects now: 3541.
Total: 7.825400 ms (FindLiveObjects: 0.793300 ms CreateObjectMapping: 0.358300 ms MarkObjects: 6.275300 ms  DeleteObjects: 0.396900 ms)

AssetImportParameters requested are different than current active one (requested -> active):
  custom:framework-win-MediaFoundation: 216162199b28c13a410421893ffa2e32 -> 
  custom:video-decoder-ogg-theora: a1e56fd34408186e4bbccfd4996cb3dc -> 
  custom:container-muxer-webm: aa71ff27fc2769a1b78a27578f13a17b -> 
  custom:container-demuxer-webm: 4f35f7cbe854078d1ac9338744f61a02 -> 
  custom:container-demuxer-ogg: 62fdf1f143b41e24485cea50d1cbac27 -> 
  custom:video-encoder-webm-vp8: eb34c28f22e8b96e1ab97ce403110664 -> 
  custom:video-codec-MediaFoundation-h265: 746d11721c4dcdbdad8f713fa42b33f4 -> 
  custom:video-decoder-webm-vp8: 9c59270c3fd7afecdb556c50c9e8de78 -> 
  custom:audio-decoder-ogg-vorbis: bf7c407c2cedff20999df2af8eb42d56 -> 
  custom:audio-encoder-webm-vorbis: bf7c407c2cedff20999df2af8eb42d56 -> 
========================================================================
Received Import Request.
  Time since last request: 403.152352 seconds.
  path: Assets/ARDK/Extensions/Planefinding/PlanefindingGridNormal.png
  artifactKey: Guid(081be73d5e04849379894bbbea8524ea) Importer(815301076,1909f56bfc062723c751e8b465ee728b)
Start importing Assets/ARDK/Extensions/Planefinding/PlanefindingGridNormal.png using Guid(081be73d5e04849379894bbbea8524ea) Importer(815301076,1909f56bfc062723c751e8b465ee728b)  -> (artifact id: 'a20f1de5c1f9c2f2cc3786137c8000da') in 0.146389 seconds 
========================================================================
Received Import Request.
  Time since last request: 0.012957 seconds.
  path: Assets/ARDK/Extensions/Planefinding/PlanefindingGrid00.png
  artifactKey: Guid(be98d61473f61478a94ecbeaf5e45bd8) Importer(815301076,1909f56bfc062723c751e8b465ee728b)
Start importing Assets/ARDK/Extensions/Planefinding/PlanefindingGrid00.png using Guid(be98d61473f61478a94ecbeaf5e45bd8) Importer(815301076,1909f56bfc062723c751e8b465ee728b)  -> (artifact id: '095c676584500b8b68e2f485b9ce2a42') in 0.150411 seconds 
========================================================================
Received Import Request.
  Time since last request: 0.000312 seconds.
  path: Assets/ARDK/Extensions/Planefinding/PlanefindingGrid01.png
  artifactKey: Guid(98a5c30ad090e427e84419292ecd227b) Importer(815301076,1909f56bfc062723c751e8b465ee728b)
Start importing Assets/ARDK/Extensions/Planefinding/PlanefindingGrid01.png using Guid(98a5c30ad090e427e84419292ecd227b) Importer(815301076,1909f56bfc062723c751e8b465ee728b)  -> (artifact id: 'f02493c98db840e0aadc30525eb353bd') in 0.091857 seconds 
========================================================================
Received Prepare
Switching build target platform(13) subTarget(537395200) extendedPlatform(0) -> platform(13) subTarget(524288) extendedPlatform(0)
Refreshing native plugins compatible for Editor in 7.18 ms, found 2 plugins.
Preloading 0 native plugins for Editor in 0.00 ms.
Unloading 32 Unused Serialized files (Serialized files now loaded: 0)
System memory in use before: 56.6 MB.
System memory in use after: 56.5 MB.

Unloading 32 unused Assets to reduce memory usage. Loaded Objects now: 3541.
Total: 4.234400 ms (FindLiveObjects: 0.305100 ms CreateObjectMapping: 0.158600 ms MarkObjects: 3.585100 ms  DeleteObjects: 0.185000 ms)

AssetImportParameters requested are different than current active one (requested -> active):
  buildTarget: platform 13, subtarget 524288, extendedPlatform 0 -> platform 13, subtarget 537395200, extendedPlatform 0
  graphicsApiMask: 2048 -> 2099200
  custom:framework-win-MediaFoundation: 216162199b28c13a410421893ffa2e32 -> 
  custom:video-decoder-ogg-theora: a1e56fd34408186e4bbccfd4996cb3dc -> 
  custom:container-muxer-webm: aa71ff27fc2769a1b78a27578f13a17b -> 
  custom:container-demuxer-webm: 4f35f7cbe854078d1ac9338744f61a02 -> 
  custom:container-demuxer-ogg: 62fdf1f143b41e24485cea50d1cbac27 -> 
  custom:video-encoder-webm-vp8: eb34c28f22e8b96e1ab97ce403110664 -> 
  custom:video-codec-MediaFoundation-h265: 746d11721c4dcdbdad8f713fa42b33f4 -> 
  custom:video-decoder-webm-vp8: 9c59270c3fd7afecdb556c50c9e8de78 -> 
  custom:audio-decoder-ogg-vorbis: bf7c407c2cedff20999df2af8eb42d56 -> 
  custom:audio-encoder-webm-vorbis: bf7c407c2cedff20999df2af8eb42d56 -> 
========================================================================
Received Import Request.
  Time since last request: 51.722474 seconds.
  path: Assets/ARDK/Extensions/Planefinding/PlanefindingGrid00.png
  artifactKey: Guid(be98d61473f61478a94ecbeaf5e45bd8) Importer(815301076,1909f56bfc062723c751e8b465ee728b)
Start importing Assets/ARDK/Extensions/Planefinding/PlanefindingGrid00.png using Guid(be98d61473f61478a94ecbeaf5e45bd8) Importer(815301076,1909f56bfc062723c751e8b465ee728b)  -> (artifact id: '2b884bdc272f2d5545183663d23dd852') in 0.028201 seconds 
========================================================================
Received Import Request.
  Time since last request: 0.000247 seconds.
  path: Assets/ARDK/Extensions/Planefinding/PlanefindingGridNormal.png
  artifactKey: Guid(081be73d5e04849379894bbbea8524ea) Importer(815301076,1909f56bfc062723c751e8b465ee728b)
Start importing Assets/ARDK/Extensions/Planefinding/PlanefindingGridNormal.png using Guid(081be73d5e04849379894bbbea8524ea) Importer(815301076,1909f56bfc062723c751e8b465ee728b)  -> (artifact id: '7eeffea3a454f62bb03257a3b278d04e') in 0.019845 seconds 
========================================================================
Received Import Request.
  Time since last request: 0.000343 seconds.
  path: Assets/ARDK/Extensions/Planefinding/PlanefindingGrid01.png
  artifactKey: Guid(98a5c30ad090e427e84419292ecd227b) Importer(815301076,1909f56bfc062723c751e8b465ee728b)
Start importing Assets/ARDK/Extensions/Planefinding/PlanefindingGrid01.png using Guid(98a5c30ad090e427e84419292ecd227b) Importer(815301076,1909f56bfc062723c751e8b465ee728b)  -> (artifact id: 'd60953633a64e313300d2981762d58dd') in 0.012594 seconds 
========================================================================
Received Prepare
Switching build target platform(13) subTarget(537395200) extendedPlatform(0) -> platform(13) subTarget(589824) extendedPlatform(0)
Refreshing native plugins compatible for Editor in 7.50 ms, found 2 plugins.
Preloading 0 native plugins for Editor in 0.00 ms.
Unloading 32 Unused Serialized files (Serialized files now loaded: 0)
System memory in use before: 56.6 MB.
System memory in use after: 56.5 MB.

Unloading 32 unused Assets to reduce memory usage. Loaded Objects now: 3541.
Total: 4.170600 ms (FindLiveObjects: 0.375600 ms CreateObjectMapping: 0.205100 ms MarkObjects: 3.371000 ms  DeleteObjects: 0.217500 ms)

AssetImportParameters requested are different than current active one (requested -> active):
  buildTarget: platform 13, subtarget 589824, extendedPlatform 0 -> platform 13, subtarget 537395200, extendedPlatform 0
  graphicsApiMask: 2304 -> 2099200
  custom:framework-win-MediaFoundation: 216162199b28c13a410421893ffa2e32 -> 
  custom:video-decoder-ogg-theora: a1e56fd34408186e4bbccfd4996cb3dc -> 
  custom:container-muxer-webm: aa71ff27fc2769a1b78a27578f13a17b -> 
  custom:container-demuxer-webm: 4f35f7cbe854078d1ac9338744f61a02 -> 
  custom:container-demuxer-ogg: 62fdf1f143b41e24485cea50d1cbac27 -> 
  custom:video-encoder-webm-vp8: eb34c28f22e8b96e1ab97ce403110664 -> 
  custom:video-codec-MediaFoundation-h265: 746d11721c4dcdbdad8f713fa42b33f4 -> 
  custom:video-decoder-webm-vp8: 9c59270c3fd7afecdb556c50c9e8de78 -> 
  custom:audio-decoder-ogg-vorbis: bf7c407c2cedff20999df2af8eb42d56 -> 
  custom:audio-encoder-webm-vorbis: bf7c407c2cedff20999df2af8eb42d56 -> 
========================================================================
Received Import Request.
  Time since last request: 68.657107 seconds.
  path: Assets/ARDK/Extensions/Planefinding/PlanefindingGrid00.png
  artifactKey: Guid(be98d61473f61478a94ecbeaf5e45bd8) Importer(815301076,1909f56bfc062723c751e8b465ee728b)
Start importing Assets/ARDK/Extensions/Planefinding/PlanefindingGrid00.png using Guid(be98d61473f61478a94ecbeaf5e45bd8) Importer(815301076,1909f56bfc062723c751e8b465ee728b)  -> (artifact id: 'd3677529e4488bb51d1df19295cdb970') in 0.025263 seconds 
========================================================================
Received Import Request.
  Time since last request: 0.000300 seconds.
  path: Assets/ARDK/Extensions/Planefinding/PlanefindingGridNormal.png
  artifactKey: Guid(081be73d5e04849379894bbbea8524ea) Importer(815301076,1909f56bfc062723c751e8b465ee728b)
Start importing Assets/ARDK/Extensions/Planefinding/PlanefindingGridNormal.png using Guid(081be73d5e04849379894bbbea8524ea) Importer(815301076,1909f56bfc062723c751e8b465ee728b)  -> (artifact id: '0de85e7fd24e85a2f8e9b66a0c91ae32') in 0.014088 seconds 
========================================================================
Received Import Request.
  Time since last request: 0.000340 seconds.
  path: Assets/ARDK/Extensions/Planefinding/PlanefindingGrid01.png
  artifactKey: Guid(98a5c30ad090e427e84419292ecd227b) Importer(815301076,1909f56bfc062723c751e8b465ee728b)
Start importing Assets/ARDK/Extensions/Planefinding/PlanefindingGrid01.png using Guid(98a5c30ad090e427e84419292ecd227b) Importer(815301076,1909f56bfc062723c751e8b465ee728b)  -> (artifact id: '5d66adae603e4b2c3da188e7f5880a0c') in 0.010714 seconds 
AssetImportWorkerClient::OnTransportError - code=2 error=End of file
